0 info it worked if it ends with ok
1 verbose cli [ '/usr/bin/nodejs',
1 verbose cli   '/usr/bin/npm',
1 verbose cli   'install',
1 verbose cli   'eslint',
1 verbose cli   '--save' ]
2 info using npm@3.10.10
3 info using node@v6.10.3
4 verbose config Skipping project config: /home/murshid/.npmrc. (matches userconfig)
5 silly loadCurrentTree Starting
6 silly install loadCurrentTree
7 silly install readLocalPackageData
8 silly fetchPackageMetaData eslint
9 silly fetchNamedPackageData eslint
10 silly mapToRegistry name eslint
11 silly mapToRegistry using default registry
12 silly mapToRegistry registry https://registry.npmjs.org/
13 silly mapToRegistry data Result {
13 silly mapToRegistry   raw: 'eslint',
13 silly mapToRegistry   scope: null,
13 silly mapToRegistry   escapedName: 'eslint',
13 silly mapToRegistry   name: 'eslint',
13 silly mapToRegistry   rawSpec: '',
13 silly mapToRegistry   spec: 'latest',
13 silly mapToRegistry   type: 'tag' }
14 silly mapToRegistry uri https://registry.npmjs.org/eslint
15 verbose request uri https://registry.npmjs.org/eslint
16 verbose request no auth needed
17 info attempt registry request try #1 at 10:03:32 PM
18 verbose request id 2c9aa75aaf3a31da
19 verbose etag W/"5932dd4a-716fa"
20 verbose lastModified Sat, 03 Jun 2017 16:01:14 GMT
21 http request GET https://registry.npmjs.org/eslint
22 http 304 https://registry.npmjs.org/eslint
23 verbose headers { date: 'Sat, 03 Jun 2017 16:33:33 GMT',
23 verbose headers   via: '1.1 varnish',
23 verbose headers   'cache-control': 'max-age=300',
23 verbose headers   etag: 'W/"5932dd4a-716fa"',
23 verbose headers   age: '184',
23 verbose headers   connection: 'keep-alive',
23 verbose headers   'x-served-by': 'cache-sin18028-SIN',
23 verbose headers   'x-cache': 'HIT',
23 verbose headers   'x-cache-hits': '1',
23 verbose headers   'x-timer': 'S1496507614.984727,VS0,VE0',
23 verbose headers   vary: 'Accept-Encoding' }
24 silly get cb [ 304,
24 silly get   { date: 'Sat, 03 Jun 2017 16:33:33 GMT',
24 silly get     via: '1.1 varnish',
24 silly get     'cache-control': 'max-age=300',
24 silly get     etag: 'W/"5932dd4a-716fa"',
24 silly get     age: '184',
24 silly get     connection: 'keep-alive',
24 silly get     'x-served-by': 'cache-sin18028-SIN',
24 silly get     'x-cache': 'HIT',
24 silly get     'x-cache-hits': '1',
24 silly get     'x-timer': 'S1496507614.984727,VS0,VE0',
24 silly get     vary: 'Accept-Encoding' } ]
25 verbose etag https://registry.npmjs.org/eslint from cache
26 verbose get saving eslint to /home/murshid/.npm/registry.npmjs.org/eslint/.cache.json
27 verbose correctMkdir /home/murshid/.npm correctMkdir not in flight; initializing
28 silly install normalizeTree
29 silly loadCurrentTree Finishing
30 silly loadIdealTree Starting
31 silly install loadIdealTree
32 silly cloneCurrentTree Starting
33 silly install cloneCurrentTreeToIdealTree
34 silly cloneCurrentTree Finishing
35 silly loadShrinkwrap Starting
36 silly install loadShrinkwrap
37 silly loadShrinkwrap Finishing
38 silly loadAllDepsIntoIdealTree Starting
39 silly install loadAllDepsIntoIdealTree
40 silly resolveWithNewModule eslint@3.19.0 checking installable status
41 silly cache add args [ 'eslint', null ]
42 verbose cache add spec eslint
43 silly cache add parsed spec Result {
43 silly cache add   raw: 'eslint',
43 silly cache add   scope: null,
43 silly cache add   escapedName: 'eslint',
43 silly cache add   name: 'eslint',
43 silly cache add   rawSpec: '',
43 silly cache add   spec: 'latest',
43 silly cache add   type: 'tag' }
44 silly addNamed eslint@latest
45 verbose addNamed "latest" is being treated as a dist-tag for eslint
46 info addNameTag [ 'eslint', 'latest' ]
47 silly mapToRegistry name eslint
48 silly mapToRegistry using default registry
49 silly mapToRegistry registry https://registry.npmjs.org/
50 silly mapToRegistry data Result {
50 silly mapToRegistry   raw: 'eslint',
50 silly mapToRegistry   scope: null,
50 silly mapToRegistry   escapedName: 'eslint',
50 silly mapToRegistry   name: 'eslint',
50 silly mapToRegistry   rawSpec: '',
50 silly mapToRegistry   spec: 'latest',
50 silly mapToRegistry   type: 'tag' }
51 silly mapToRegistry uri https://registry.npmjs.org/eslint
52 verbose addNameTag registry:https://registry.npmjs.org/eslint not in flight; fetching
53 verbose get https://registry.npmjs.org/eslint not expired, no request
54 silly addNameTag next cb for eslint with tag latest
55 silly addNamed eslint@3.19.0
56 verbose addNamed "3.19.0" is a plain semver version for eslint
57 silly cache afterAdd eslint@3.19.0
58 verbose afterAdd /home/murshid/.npm/eslint/3.19.0/package/package.json not in flight; writing
59 verbose correctMkdir /home/murshid/.npm correctMkdir not in flight; initializing
60 verbose afterAdd /home/murshid/.npm/eslint/3.19.0/package/package.json written
61 silly fetchNamedPackageData espree
62 silly mapToRegistry name espree
63 silly mapToRegistry using default registry
64 silly mapToRegistry registry https://registry.npmjs.org/
65 silly mapToRegistry data Result {
65 silly mapToRegistry   raw: 'espree',
65 silly mapToRegistry   scope: null,
65 silly mapToRegistry   escapedName: 'espree',
65 silly mapToRegistry   name: 'espree',
65 silly mapToRegistry   rawSpec: '',
65 silly mapToRegistry   spec: 'latest',
65 silly mapToRegistry   type: 'tag' }
66 silly mapToRegistry uri https://registry.npmjs.org/espree
67 verbose request uri https://registry.npmjs.org/espree
68 verbose request no auth needed
69 info attempt registry request try #1 at 10:03:34 PM
70 verbose etag W/"592df00c-2074f"
71 verbose lastModified Tue, 30 May 2017 22:19:56 GMT
72 http request GET https://registry.npmjs.org/espree
73 http 304 https://registry.npmjs.org/espree
74 verbose headers { date: 'Sat, 03 Jun 2017 16:33:34 GMT',
74 verbose headers   via: '1.1 varnish',
74 verbose headers   'cache-control': 'max-age=300',
74 verbose headers   etag: 'W/"592df00c-2074f"',
74 verbose headers   age: '253',
74 verbose headers   connection: 'keep-alive',
74 verbose headers   'x-served-by': 'cache-sin18028-SIN',
74 verbose headers   'x-cache': 'HIT',
74 verbose headers   'x-cache-hits': '1',
74 verbose headers   'x-timer': 'S1496507615.704895,VS0,VE0',
74 verbose headers   vary: 'Accept-Encoding' }
75 silly get cb [ 304,
75 silly get   { date: 'Sat, 03 Jun 2017 16:33:34 GMT',
75 silly get     via: '1.1 varnish',
75 silly get     'cache-control': 'max-age=300',
75 silly get     etag: 'W/"592df00c-2074f"',
75 silly get     age: '253',
75 silly get     connection: 'keep-alive',
75 silly get     'x-served-by': 'cache-sin18028-SIN',
75 silly get     'x-cache': 'HIT',
75 silly get     'x-cache-hits': '1',
75 silly get     'x-timer': 'S1496507615.704895,VS0,VE0',
75 silly get     vary: 'Accept-Encoding' } ]
76 verbose etag https://registry.npmjs.org/espree from cache
77 verbose get saving espree to /home/murshid/.npm/registry.npmjs.org/espree/.cache.json
78 verbose correctMkdir /home/murshid/.npm correctMkdir not in flight; initializing
79 silly resolveWithNewModule espree@3.4.3 checking installable status
80 silly cache add args [ 'espree@^3.4.0', null ]
81 verbose cache add spec espree@^3.4.0
82 silly cache add parsed spec Result {
82 silly cache add   raw: 'espree@^3.4.0',
82 silly cache add   scope: null,
82 silly cache add   escapedName: 'espree',
82 silly cache add   name: 'espree',
82 silly cache add   rawSpec: '^3.4.0',
82 silly cache add   spec: '>=3.4.0 <4.0.0',
82 silly cache add   type: 'range' }
83 silly addNamed espree@>=3.4.0 <4.0.0
84 verbose addNamed ">=3.4.0 <4.0.0" is a valid semver range for espree
85 silly addNameRange { name: 'espree', range: '>=3.4.0 <4.0.0', hasData: false }
86 silly mapToRegistry name espree
87 silly mapToRegistry using default registry
88 silly mapToRegistry registry https://registry.npmjs.org/
89 silly mapToRegistry data Result {
89 silly mapToRegistry   raw: 'espree',
89 silly mapToRegistry   scope: null,
89 silly mapToRegistry   escapedName: 'espree',
89 silly mapToRegistry   name: 'espree',
89 silly mapToRegistry   rawSpec: '',
89 silly mapToRegistry   spec: 'latest',
89 silly mapToRegistry   type: 'tag' }
90 silly mapToRegistry uri https://registry.npmjs.org/espree
91 verbose addNameRange registry:https://registry.npmjs.org/espree not in flight; fetching
92 verbose get https://registry.npmjs.org/espree not expired, no request
93 silly addNameRange number 2 { name: 'espree', range: '>=3.4.0 <4.0.0', hasData: true }
94 silly addNameRange versions [ 'espree',
94 silly addNameRange   [ '1.2.2',
94 silly addNameRange     '1.3.0',
94 silly addNameRange     '1.3.1',
94 silly addNameRange     '1.4.0',
94 silly addNameRange     '1.5.0',
94 silly addNameRange     '1.6.0',
94 silly addNameRange     '1.7.0',
94 silly addNameRange     '1.7.1',
94 silly addNameRange     '1.8.0',
94 silly addNameRange     '1.8.1',
94 silly addNameRange     '1.9.0',
94 silly addNameRange     '1.9.1',
94 silly addNameRange     '1.10.0',
94 silly addNameRange     '1.11.0',
94 silly addNameRange     '1.12.0',
94 silly addNameRange     '1.12.1',
94 silly addNameRange     '1.12.2',
94 silly addNameRange     '1.12.3',
94 silly addNameRange     '2.0.0',
94 silly addNameRange     '2.0.1',
94 silly addNameRange     '2.0.2',
94 silly addNameRange     '2.0.3',
94 silly addNameRange     '2.0.4',
94 silly addNameRange     '2.1.0',
94 silly addNameRange     '2.2.0',
94 silly addNameRange     '2.2.1',
94 silly addNameRange     '2.2.2',
94 silly addNameRange     '2.2.3',
94 silly addNameRange     '2.2.4',
94 silly addNameRange     '2.2.5',
94 silly addNameRange     '3.0.0-alpha-1',
94 silly addNameRange     '3.0.0-alpha-2',
94 silly addNameRange     '3.0.0-alpha-3',
94 silly addNameRange     '3.0.0',
94 silly addNameRange     '3.0.1',
94 silly addNameRange     '3.0.2',
94 silly addNameRange     '3.1.0',
94 silly addNameRange     '3.1.1',
94 silly addNameRange     '3.1.2',
94 silly addNameRange     '3.1.3',
94 silly addNameRange     '3.1.4',
94 silly addNameRange     '3.1.5',
94 silly addNameRange     '3.1.6',
94 silly addNameRange     '3.1.7',
94 silly addNameRange     '3.2.0',
94 silly addNameRange     '3.3.0',
94 silly addNameRange     '3.3.1',
94 silly addNameRange     '3.3.2',
94 silly addNameRange     '3.4.0',
94 silly addNameRange     '3.4.1',
94 silly addNameRange     '3.4.2',
94 silly addNameRange     '3.4.3' ] ]
95 silly addNamed espree@3.4.3
96 verbose addNamed "3.4.3" is a plain semver version for espree
97 silly cache afterAdd espree@3.4.3
98 verbose afterAdd /home/murshid/.npm/espree/3.4.3/package/package.json not in flight; writing
99 verbose correctMkdir /home/murshid/.npm correctMkdir not in flight; initializing
100 verbose afterAdd /home/murshid/.npm/espree/3.4.3/package/package.json written
101 silly fetchNamedPackageData acorn
102 silly mapToRegistry name acorn
103 silly mapToRegistry using default registry
104 silly mapToRegistry registry https://registry.npmjs.org/
105 silly mapToRegistry data Result {
105 silly mapToRegistry   raw: 'acorn',
105 silly mapToRegistry   scope: null,
105 silly mapToRegistry   escapedName: 'acorn',
105 silly mapToRegistry   name: 'acorn',
105 silly mapToRegistry   rawSpec: '',
105 silly mapToRegistry   spec: 'latest',
105 silly mapToRegistry   type: 'tag' }
106 silly mapToRegistry uri https://registry.npmjs.org/acorn
107 verbose request uri https://registry.npmjs.org/acorn
108 verbose request no auth needed
109 info attempt registry request try #1 at 10:03:34 PM
110 verbose etag W/"5930849d-23a91"
111 verbose lastModified Thu, 01 Jun 2017 21:18:21 GMT
112 http request GET https://registry.npmjs.org/acorn
113 http 304 https://registry.npmjs.org/acorn
114 verbose headers { date: 'Sat, 03 Jun 2017 16:33:35 GMT',
114 verbose headers   via: '1.1 varnish',
114 verbose headers   'cache-control': 'max-age=300',
114 verbose headers   etag: 'W/"5930849d-23a91"',
114 verbose headers   age: '43',
114 verbose headers   connection: 'keep-alive',
114 verbose headers   'x-served-by': 'cache-sin18028-SIN',
114 verbose headers   'x-cache': 'HIT',
114 verbose headers   'x-cache-hits': '1',
114 verbose headers   'x-timer': 'S1496507615.064968,VS0,VE0',
114 verbose headers   vary: 'Accept-Encoding' }
115 silly get cb [ 304,
115 silly get   { date: 'Sat, 03 Jun 2017 16:33:35 GMT',
115 silly get     via: '1.1 varnish',
115 silly get     'cache-control': 'max-age=300',
115 silly get     etag: 'W/"5930849d-23a91"',
115 silly get     age: '43',
115 silly get     connection: 'keep-alive',
115 silly get     'x-served-by': 'cache-sin18028-SIN',
115 silly get     'x-cache': 'HIT',
115 silly get     'x-cache-hits': '1',
115 silly get     'x-timer': 'S1496507615.064968,VS0,VE0',
115 silly get     vary: 'Accept-Encoding' } ]
116 verbose etag https://registry.npmjs.org/acorn from cache
117 verbose get saving acorn to /home/murshid/.npm/registry.npmjs.org/acorn/.cache.json
118 verbose correctMkdir /home/murshid/.npm correctMkdir not in flight; initializing
119 silly resolveWithNewModule acorn@5.0.3 checking installable status
120 silly cache add args [ 'acorn@^5.0.1', null ]
121 verbose cache add spec acorn@^5.0.1
122 silly cache add parsed spec Result {
122 silly cache add   raw: 'acorn@^5.0.1',
122 silly cache add   scope: null,
122 silly cache add   escapedName: 'acorn',
122 silly cache add   name: 'acorn',
122 silly cache add   rawSpec: '^5.0.1',
122 silly cache add   spec: '>=5.0.1 <6.0.0',
122 silly cache add   type: 'range' }
123 silly addNamed acorn@>=5.0.1 <6.0.0
124 verbose addNamed ">=5.0.1 <6.0.0" is a valid semver range for acorn
125 silly addNameRange { name: 'acorn', range: '>=5.0.1 <6.0.0', hasData: false }
126 silly mapToRegistry name acorn
127 silly mapToRegistry using default registry
128 silly mapToRegistry registry https://registry.npmjs.org/
129 silly mapToRegistry data Result {
129 silly mapToRegistry   raw: 'acorn',
129 silly mapToRegistry   scope: null,
129 silly mapToRegistry   escapedName: 'acorn',
129 silly mapToRegistry   name: 'acorn',
129 silly mapToRegistry   rawSpec: '',
129 silly mapToRegistry   spec: 'latest',
129 silly mapToRegistry   type: 'tag' }
130 silly mapToRegistry uri https://registry.npmjs.org/acorn
131 verbose addNameRange registry:https://registry.npmjs.org/acorn not in flight; fetching
132 verbose get https://registry.npmjs.org/acorn not expired, no request
133 silly addNameRange number 2 { name: 'acorn', range: '>=5.0.1 <6.0.0', hasData: true }
134 silly addNameRange versions [ 'acorn',
134 silly addNameRange   [ '0.0.1',
134 silly addNameRange     '0.1.0',
134 silly addNameRange     '0.2.0',
134 silly addNameRange     '0.3.0',
134 silly addNameRange     '0.3.1',
134 silly addNameRange     '0.4.0',
134 silly addNameRange     '0.4.2',
134 silly addNameRange     '0.5.0',
134 silly addNameRange     '0.6.0',
134 silly addNameRange     '0.7.0',
134 silly addNameRange     '0.8.0',
134 silly addNameRange     '0.9.0',
134 silly addNameRange     '0.10.0',
134 silly addNameRange     '0.11.0',
134 silly addNameRange     '0.12.0',
134 silly addNameRange     '1.0.0',
134 silly addNameRange     '1.0.1',
134 silly addNameRange     '1.0.3',
134 silly addNameRange     '1.1.0',
134 silly addNameRange     '1.2.0',
134 silly addNameRange     '2.0.0',
134 silly addNameRange     '1.2.1',
134 silly addNameRange     '2.0.1',
134 silly addNameRange     '1.2.2',
134 silly addNameRange     '2.0.4',
134 silly addNameRange     '2.1.0',
134 silly addNameRange     '2.2.0',
134 silly addNameRange     '2.3.0',
134 silly addNameRange     '2.4.0',
134 silly addNameRange     '2.5.0',
134 silly addNameRange     '2.5.2',
134 silly addNameRange     '2.6.0',
134 silly addNameRange     '2.6.2',
134 silly addNameRange     '2.6.4',
134 silly addNameRange     '2.7.0',
134 silly addNameRange     '3.0.0',
134 silly addNameRange     '3.0.2',
134 silly addNameRange     '3.0.4',
134 silly addNameRange     '3.1.0',
134 silly addNameRange     '3.2.0',
134 silly addNameRange     '3.3.0',
134 silly addNameRange     '4.0.0',
134 silly addNameRange     '4.0.1',
134 silly addNameRange     '4.0.2',
134 silly addNameRange     '4.0.3',
134 silly addNameRange     '4.0.4',
134 silly addNameRange     '4.0.5',
134 silly addNameRange     '4.0.6',
134 silly addNameRange     '4.0.7',
134 silly addNameRange     '4.0.8',
134 silly addNameRange     '4.0.9',
134 silly addNameRange     '4.0.10',
134 silly addNameRange     '4.0.11',
134 silly addNameRange     '5.0.0',
134 silly addNameRange     '5.0.1',
134 silly addNameRange     '5.0.2',
134 silly addNameRange     '5.0.3',
134 silly addNameRange     '4.0.13' ] ]
135 silly addNamed acorn@5.0.3
136 verbose addNamed "5.0.3" is a plain semver version for acorn
137 silly cache afterAdd acorn@5.0.3
138 verbose afterAdd /home/murshid/.npm/acorn/5.0.3/package/package.json not in flight; writing
139 verbose correctMkdir /home/murshid/.npm correctMkdir not in flight; initializing
140 verbose afterAdd /home/murshid/.npm/acorn/5.0.3/package/package.json written
141 silly loadAllDepsIntoIdealTree Finishing
142 silly loadIdealTree Finishing
143 silly currentTree murshid
143 silly currentTree ├─┬ acorn-jsx@3.0.1
143 silly currentTree │ └── acorn@3.3.0
143 silly currentTree ├── ajv-keywords@1.5.1
143 silly currentTree ├── ajv@4.11.8
143 silly currentTree ├── angular@1.6.3
143 silly currentTree ├── ansi-escapes@1.4.0
143 silly currentTree ├── ansi-regex@2.1.1
143 silly currentTree ├── ansi-styles@2.2.1
143 silly currentTree ├── argparse@1.0.9
143 silly currentTree ├── array-union@1.0.2
143 silly currentTree ├── array-uniq@1.0.3
143 silly currentTree ├── arrify@1.0.1
143 silly currentTree ├── babel-code-frame@6.22.0
143 silly currentTree ├── balanced-match@0.4.2
143 silly currentTree ├── block-stream@0.0.9
143 silly currentTree ├── brace-expansion@1.1.7
143 silly currentTree ├── buffer-from@0.1.1
143 silly currentTree ├── buffer-shims@1.0.0
143 silly currentTree ├── builtins@1.0.3
143 silly currentTree ├── caller-path@0.1.0
143 silly currentTree ├── callsites@0.2.0
143 silly currentTree ├── chalk@1.1.3
143 silly currentTree ├── circular-json@0.3.1
143 silly currentTree ├── cli-cursor@1.0.2
143 silly currentTree ├── cli-width@2.1.0
143 silly currentTree ├── co@4.6.0
143 silly currentTree ├── code-point-at@1.1.0
143 silly currentTree ├── commander@2.9.0
143 silly currentTree ├── concat-map@0.0.1
143 silly currentTree ├─┬ concat-stream@1.6.0
143 silly currentTree │ ├── isarray@1.0.0
143 silly currentTree │ ├── readable-stream@2.2.10
143 silly currentTree │ └── string_decoder@1.0.1
143 silly currentTree ├── core-util-is@1.0.2
143 silly currentTree ├── create-react-app@1.3.1
143 silly currentTree ├── cross-spawn@4.0.2
143 silly currentTree ├── d@1.0.0
143 silly currentTree ├── debug@2.6.8
143 silly currentTree ├── deep-is@0.1.3
143 silly currentTree ├── del@2.2.2
143 silly currentTree ├─┬ doctrine@2.0.0
143 silly currentTree │ └── isarray@1.0.0
143 silly currentTree ├── duplexer2@0.0.2
143 silly currentTree ├── es5-ext@0.10.22
143 silly currentTree ├── es6-iterator@2.0.1
143 silly currentTree ├── es6-map@0.1.5
143 silly currentTree ├── es6-set@0.1.5
143 silly currentTree ├── es6-symbol@3.1.1
143 silly currentTree ├── es6-weak-map@2.0.2
143 silly currentTree ├── escape-string-regexp@1.0.5
143 silly currentTree ├── escope@3.6.0
143 silly currentTree ├── esprima@3.1.3
143 silly currentTree ├── esquery@1.0.0
143 silly currentTree ├─┬ esrecurse@4.1.0
143 silly currentTree │ └── estraverse@4.1.1
143 silly currentTree ├── estraverse@4.2.0
143 silly currentTree ├── esutils@2.0.2
143 silly currentTree ├── event-emitter@0.3.5
143 silly currentTree ├── exit-hook@1.1.1
143 silly currentTree ├── fast-levenshtein@2.0.6
143 silly currentTree ├── figures@1.7.0
143 silly currentTree ├── file-entry-cache@2.0.0
143 silly currentTree ├── flat-cache@1.2.2
143 silly currentTree ├── fs-extra@1.0.0
143 silly currentTree ├── fs.realpath@1.0.0
143 silly currentTree ├── fstream-ignore@1.0.5
143 silly currentTree ├── fstream@1.0.11
143 silly currentTree ├── generate-function@2.0.0
143 silly currentTree ├── generate-object-property@1.2.0
143 silly currentTree ├── glob@7.1.2
143 silly currentTree ├── globals@9.17.0
143 silly currentTree ├── globby@5.0.0
143 silly currentTree ├── graceful-fs@4.1.11
143 silly currentTree ├── graceful-readlink@1.0.1
143 silly currentTree ├── has-ansi@2.0.0
143 silly currentTree ├── has-symbol-support-x@1.2.0
143 silly currentTree ├── has-to-string-tag-x@1.2.0
143 silly currentTree ├── hyperquest@2.1.2
143 silly currentTree ├── ignore@3.3.3
143 silly currentTree ├── imurmurhash@0.1.4
143 silly currentTree ├── inflight@1.0.6
143 silly currentTree ├── inherits@2.0.3
143 silly currentTree ├── inquirer@0.12.0
143 silly currentTree ├── interpret@1.0.3
143 silly currentTree ├── is-array-buffer-x@1.2.1
143 silly currentTree ├── is-fullwidth-code-point@1.0.0
143 silly currentTree ├── is-function-x@1.2.0
143 silly currentTree ├── is-my-json-valid@2.16.0
143 silly currentTree ├── is-object-like-x@1.2.0
143 silly currentTree ├── is-path-cwd@1.0.0
143 silly currentTree ├── is-path-in-cwd@1.0.0
143 silly currentTree ├── is-path-inside@1.0.0
143 silly currentTree ├── is-primitive@2.0.0
143 silly currentTree ├── is-property@1.0.2
143 silly currentTree ├── is-resolvable@1.0.0
143 silly currentTree ├── isarray@0.0.1
143 silly currentTree ├── isexe@2.0.0
143 silly currentTree ├── js-tokens@3.0.1
143 silly currentTree ├── js-yaml@3.8.4
143 silly currentTree ├── json-stable-stringify@1.0.1
143 silly currentTree ├── jsonfile@2.4.0
143 silly currentTree ├── jsonify@0.0.0
143 silly currentTree ├── jsonpointer@4.0.1
143 silly currentTree ├── klaw@1.3.1
143 silly currentTree ├── levn@0.3.0
143 silly currentTree ├── lodash.isnull@3.0.0
143 silly currentTree ├── lodash@4.17.4
143 silly currentTree ├── lru-cache@4.0.2
143 silly currentTree ├── minimatch@3.0.4
143 silly currentTree ├── minimist@0.0.8
143 silly currentTree ├── mkdirp@0.5.1
143 silly currentTree ├── ms@2.0.0
143 silly currentTree ├── mute-stream@0.0.5
143 silly currentTree ├── natural-compare@1.4.0
143 silly currentTree ├── number-is-nan@1.0.1
143 silly currentTree ├── object-assign@4.1.1
143 silly currentTree ├── once@1.4.0
143 silly currentTree ├── onetime@1.1.0
143 silly currentTree ├── optionator@0.8.2
143 silly currentTree ├── os-homedir@1.0.2
143 silly currentTree ├── os-tmpdir@1.0.2
143 silly currentTree ├── path-is-absolute@1.0.1
143 silly currentTree ├── path-is-inside@1.0.2
143 silly currentTree ├── path-parse@1.0.5
143 silly currentTree ├── pify@2.3.0
143 silly currentTree ├── pinkie-promise@2.0.1
143 silly currentTree ├── pinkie@2.0.4
143 silly currentTree ├── pluralize@1.2.1
143 silly currentTree ├── prelude-ls@1.1.2
143 silly currentTree ├── process-nextick-args@1.0.7
143 silly currentTree ├── progress@1.1.8
143 silly currentTree ├── pseudomap@1.0.2
143 silly currentTree ├── readable-stream@1.1.14
143 silly currentTree ├── readline2@1.0.1
143 silly currentTree ├── rechoir@0.6.2
143 silly currentTree ├── require-uncached@1.0.3
143 silly currentTree ├── resolve-from@1.0.1
143 silly currentTree ├── resolve@1.3.3
143 silly currentTree ├── restore-cursor@1.0.1
143 silly currentTree ├── rimraf@2.6.1
143 silly currentTree ├── run-async@0.1.0
143 silly currentTree ├── rx-lite@3.1.2
143 silly currentTree ├── safe-buffer@5.0.1
143 silly currentTree ├── semver@5.3.0
143 silly currentTree ├── shelljs@0.7.7
143 silly currentTree ├── slice-ansi@0.0.4
143 silly currentTree ├── sprintf-js@1.0.3
143 silly currentTree ├── string_decoder@0.10.31
143 silly currentTree ├── string-width@1.0.2
143 silly currentTree ├── strip-ansi@3.0.1
143 silly currentTree ├── strip-bom@3.0.0
143 silly currentTree ├── strip-json-comments@2.0.1
143 silly currentTree ├── supports-color@2.0.0
143 silly currentTree ├─┬ table@3.8.3
143 silly currentTree │ ├── is-fullwidth-code-point@2.0.0
143 silly currentTree │ └── string-width@2.0.0
143 silly currentTree ├─┬ tar-pack@3.4.0
143 silly currentTree │ ├── isarray@1.0.0
143 silly currentTree │ ├── readable-stream@2.2.9
143 silly currentTree │ └── string_decoder@1.0.1
143 silly currentTree ├── tar@2.2.1
143 silly currentTree ├── text-table@0.2.0
143 silly currentTree ├── through@2.3.8
143 silly currentTree ├─┬ through2@0.6.5
143 silly currentTree │ └── readable-stream@1.0.34
143 silly currentTree ├── tmp@0.0.31
143 silly currentTree ├── to-string-tag-x@1.2.0
143 silly currentTree ├── tryit@1.0.3
143 silly currentTree ├── type-check@0.3.2
143 silly currentTree ├── typedarray@0.0.6
143 silly currentTree ├── uid-number@0.0.6
143 silly currentTree ├── user-home@2.0.0
143 silly currentTree ├── util-deprecate@1.0.2
143 silly currentTree ├── validate-npm-package-name@3.0.0
143 silly currentTree ├── validate.io-undefined@1.0.3
143 silly currentTree ├── which@1.2.14
143 silly currentTree ├── wordwrap@1.0.0
143 silly currentTree ├── wrappy@1.0.2
143 silly currentTree ├── write@0.2.1
143 silly currentTree ├── xtend@4.0.1
143 silly currentTree └── yallist@2.1.2
144 silly idealTree murshid
144 silly idealTree ├─┬ acorn-jsx@3.0.1
144 silly idealTree │ └── acorn@3.3.0
144 silly idealTree ├── acorn@5.0.3
144 silly idealTree ├── ajv-keywords@1.5.1
144 silly idealTree ├── ajv@4.11.8
144 silly idealTree ├── angular@1.6.3
144 silly idealTree ├── ansi-escapes@1.4.0
144 silly idealTree ├── ansi-regex@2.1.1
144 silly idealTree ├── ansi-styles@2.2.1
144 silly idealTree ├── argparse@1.0.9
144 silly idealTree ├── array-union@1.0.2
144 silly idealTree ├── array-uniq@1.0.3
144 silly idealTree ├── arrify@1.0.1
144 silly idealTree ├── babel-code-frame@6.22.0
144 silly idealTree ├── balanced-match@0.4.2
144 silly idealTree ├── block-stream@0.0.9
144 silly idealTree ├── brace-expansion@1.1.7
144 silly idealTree ├── buffer-from@0.1.1
144 silly idealTree ├── buffer-shims@1.0.0
144 silly idealTree ├── builtins@1.0.3
144 silly idealTree ├── caller-path@0.1.0
144 silly idealTree ├── callsites@0.2.0
144 silly idealTree ├── chalk@1.1.3
144 silly idealTree ├── circular-json@0.3.1
144 silly idealTree ├── cli-cursor@1.0.2
144 silly idealTree ├── cli-width@2.1.0
144 silly idealTree ├── co@4.6.0
144 silly idealTree ├── code-point-at@1.1.0
144 silly idealTree ├── commander@2.9.0
144 silly idealTree ├── concat-map@0.0.1
144 silly idealTree ├─┬ concat-stream@1.6.0
144 silly idealTree │ ├── isarray@1.0.0
144 silly idealTree │ ├── readable-stream@2.2.10
144 silly idealTree │ └── string_decoder@1.0.1
144 silly idealTree ├── core-util-is@1.0.2
144 silly idealTree ├── create-react-app@1.3.1
144 silly idealTree ├── cross-spawn@4.0.2
144 silly idealTree ├── d@1.0.0
144 silly idealTree ├── debug@2.6.8
144 silly idealTree ├── deep-is@0.1.3
144 silly idealTree ├── del@2.2.2
144 silly idealTree ├─┬ doctrine@2.0.0
144 silly idealTree │ └── isarray@1.0.0
144 silly idealTree ├── duplexer2@0.0.2
144 silly idealTree ├── es5-ext@0.10.22
144 silly idealTree ├── es6-iterator@2.0.1
144 silly idealTree ├── es6-map@0.1.5
144 silly idealTree ├── es6-set@0.1.5
144 silly idealTree ├── es6-symbol@3.1.1
144 silly idealTree ├── es6-weak-map@2.0.2
144 silly idealTree ├── escape-string-regexp@1.0.5
144 silly idealTree ├── escope@3.6.0
144 silly idealTree ├── eslint@3.19.0
144 silly idealTree ├── espree@3.4.3
144 silly idealTree ├── esprima@3.1.3
144 silly idealTree ├── esquery@1.0.0
144 silly idealTree ├─┬ esrecurse@4.1.0
144 silly idealTree │ └── estraverse@4.1.1
144 silly idealTree ├── estraverse@4.2.0
144 silly idealTree ├── esutils@2.0.2
144 silly idealTree ├── event-emitter@0.3.5
144 silly idealTree ├── exit-hook@1.1.1
144 silly idealTree ├── fast-levenshtein@2.0.6
144 silly idealTree ├── figures@1.7.0
144 silly idealTree ├── file-entry-cache@2.0.0
144 silly idealTree ├── flat-cache@1.2.2
144 silly idealTree ├── fs-extra@1.0.0
144 silly idealTree ├── fs.realpath@1.0.0
144 silly idealTree ├── fstream-ignore@1.0.5
144 silly idealTree ├── fstream@1.0.11
144 silly idealTree ├── generate-function@2.0.0
144 silly idealTree ├── generate-object-property@1.2.0
144 silly idealTree ├── glob@7.1.2
144 silly idealTree ├── globals@9.17.0
144 silly idealTree ├── globby@5.0.0
144 silly idealTree ├── graceful-fs@4.1.11
144 silly idealTree ├── graceful-readlink@1.0.1
144 silly idealTree ├── has-ansi@2.0.0
144 silly idealTree ├── has-symbol-support-x@1.2.0
144 silly idealTree ├── has-to-string-tag-x@1.2.0
144 silly idealTree ├── hyperquest@2.1.2
144 silly idealTree ├── ignore@3.3.3
144 silly idealTree ├── imurmurhash@0.1.4
144 silly idealTree ├── inflight@1.0.6
144 silly idealTree ├── inherits@2.0.3
144 silly idealTree ├── inquirer@0.12.0
144 silly idealTree ├── interpret@1.0.3
144 silly idealTree ├── is-array-buffer-x@1.2.1
144 silly idealTree ├── is-fullwidth-code-point@1.0.0
144 silly idealTree ├── is-function-x@1.2.0
144 silly idealTree ├── is-my-json-valid@2.16.0
144 silly idealTree ├── is-object-like-x@1.2.0
144 silly idealTree ├── is-path-cwd@1.0.0
144 silly idealTree ├── is-path-in-cwd@1.0.0
144 silly idealTree ├── is-path-inside@1.0.0
144 silly idealTree ├── is-primitive@2.0.0
144 silly idealTree ├── is-property@1.0.2
144 silly idealTree ├── is-resolvable@1.0.0
144 silly idealTree ├── isarray@0.0.1
144 silly idealTree ├── isexe@2.0.0
144 silly idealTree ├── js-tokens@3.0.1
144 silly idealTree ├── js-yaml@3.8.4
144 silly idealTree ├── json-stable-stringify@1.0.1
144 silly idealTree ├── jsonfile@2.4.0
144 silly idealTree ├── jsonify@0.0.0
144 silly idealTree ├── jsonpointer@4.0.1
144 silly idealTree ├── klaw@1.3.1
144 silly idealTree ├── levn@0.3.0
144 silly idealTree ├── lodash.isnull@3.0.0
144 silly idealTree ├── lodash@4.17.4
144 silly idealTree ├── lru-cache@4.0.2
144 silly idealTree ├── minimatch@3.0.4
144 silly idealTree ├── minimist@0.0.8
144 silly idealTree ├── mkdirp@0.5.1
144 silly idealTree ├── ms@2.0.0
144 silly idealTree ├── mute-stream@0.0.5
144 silly idealTree ├── natural-compare@1.4.0
144 silly idealTree ├── number-is-nan@1.0.1
144 silly idealTree ├── object-assign@4.1.1
144 silly idealTree ├── once@1.4.0
144 silly idealTree ├── onetime@1.1.0
144 silly idealTree ├── optionator@0.8.2
144 silly idealTree ├── os-homedir@1.0.2
144 silly idealTree ├── os-tmpdir@1.0.2
144 silly idealTree ├── path-is-absolute@1.0.1
144 silly idealTree ├── path-is-inside@1.0.2
144 silly idealTree ├── path-parse@1.0.5
144 silly idealTree ├── pify@2.3.0
144 silly idealTree ├── pinkie-promise@2.0.1
144 silly idealTree ├── pinkie@2.0.4
144 silly idealTree ├── pluralize@1.2.1
144 silly idealTree ├── prelude-ls@1.1.2
144 silly idealTree ├── process-nextick-args@1.0.7
144 silly idealTree ├── progress@1.1.8
144 silly idealTree ├── pseudomap@1.0.2
144 silly idealTree ├── readable-stream@1.1.14
144 silly idealTree ├── readline2@1.0.1
144 silly idealTree ├── rechoir@0.6.2
144 silly idealTree ├── require-uncached@1.0.3
144 silly idealTree ├── resolve-from@1.0.1
144 silly idealTree ├── resolve@1.3.3
144 silly idealTree ├── restore-cursor@1.0.1
144 silly idealTree ├── rimraf@2.6.1
144 silly idealTree ├── run-async@0.1.0
144 silly idealTree ├── rx-lite@3.1.2
144 silly idealTree ├── safe-buffer@5.0.1
144 silly idealTree ├── semver@5.3.0
144 silly idealTree ├── shelljs@0.7.7
144 silly idealTree ├── slice-ansi@0.0.4
144 silly idealTree ├── sprintf-js@1.0.3
144 silly idealTree ├── string_decoder@0.10.31
144 silly idealTree ├── string-width@1.0.2
144 silly idealTree ├── strip-ansi@3.0.1
144 silly idealTree ├── strip-bom@3.0.0
144 silly idealTree ├── strip-json-comments@2.0.1
144 silly idealTree ├── supports-color@2.0.0
144 silly idealTree ├─┬ table@3.8.3
144 silly idealTree │ ├── is-fullwidth-code-point@2.0.0
144 silly idealTree │ └── string-width@2.0.0
144 silly idealTree ├─┬ tar-pack@3.4.0
144 silly idealTree │ ├── isarray@1.0.0
144 silly idealTree │ ├── readable-stream@2.2.9
144 silly idealTree │ └── string_decoder@1.0.1
144 silly idealTree ├── tar@2.2.1
144 silly idealTree ├── text-table@0.2.0
144 silly idealTree ├── through@2.3.8
144 silly idealTree ├─┬ through2@0.6.5
144 silly idealTree │ └── readable-stream@1.0.34
144 silly idealTree ├── tmp@0.0.31
144 silly idealTree ├── to-string-tag-x@1.2.0
144 silly idealTree ├── tryit@1.0.3
144 silly idealTree ├── type-check@0.3.2
144 silly idealTree ├── typedarray@0.0.6
144 silly idealTree ├── uid-number@0.0.6
144 silly idealTree ├── user-home@2.0.0
144 silly idealTree ├── util-deprecate@1.0.2
144 silly idealTree ├── validate-npm-package-name@3.0.0
144 silly idealTree ├── validate.io-undefined@1.0.3
144 silly idealTree ├── which@1.2.14
144 silly idealTree ├── wordwrap@1.0.0
144 silly idealTree ├── wrappy@1.0.2
144 silly idealTree ├── write@0.2.1
144 silly idealTree ├── xtend@4.0.1
144 silly idealTree └── yallist@2.1.2
145 silly generateActionsToTake Starting
146 silly install generateActionsToTake
147 silly generateActionsToTake Finishing
148 silly diffTrees action count 3
149 silly diffTrees add acorn@5.0.3
150 silly diffTrees add espree@3.4.3
151 silly diffTrees add eslint@3.19.0
152 silly decomposeActions action count 24
153 silly decomposeActions fetch acorn@5.0.3
154 silly decomposeActions extract acorn@5.0.3
155 silly decomposeActions test acorn@5.0.3
156 silly decomposeActions preinstall acorn@5.0.3
157 silly decomposeActions build acorn@5.0.3
158 silly decomposeActions install acorn@5.0.3
159 silly decomposeActions postinstall acorn@5.0.3
160 silly decomposeActions finalize acorn@5.0.3
161 silly decomposeActions fetch espree@3.4.3
162 silly decomposeActions extract espree@3.4.3
163 silly decomposeActions test espree@3.4.3
164 silly decomposeActions preinstall espree@3.4.3
165 silly decomposeActions build espree@3.4.3
166 silly decomposeActions install espree@3.4.3
167 silly decomposeActions postinstall espree@3.4.3
168 silly decomposeActions finalize espree@3.4.3
169 silly decomposeActions fetch eslint@3.19.0
170 silly decomposeActions extract eslint@3.19.0
171 silly decomposeActions test eslint@3.19.0
172 silly decomposeActions preinstall eslint@3.19.0
173 silly decomposeActions build eslint@3.19.0
174 silly decomposeActions install eslint@3.19.0
175 silly decomposeActions postinstall eslint@3.19.0
176 silly decomposeActions finalize eslint@3.19.0
177 silly runTopLevelLifecycles Starting
178 silly executeActions Starting
179 silly install executeActions
180 silly doSerial global-install 0
181 silly doParallel fetch 3
182 verbose correctMkdir /home/murshid/.npm/_locks correctMkdir not in flight; initializing
183 verbose lock using /home/murshid/.npm/_locks/staging-c552deac0044f4b8.lock for /home/murshid/node_modules/.staging
184 silly doParallel extract 3
185 silly extract acorn@5.0.3
186 silly extract espree@3.4.3
187 silly extract eslint@3.19.0
188 verbose unbuild node_modules/.staging/espree-f76df392
189 verbose unbuild node_modules/.staging/acorn-d7cdc1e6
190 verbose unbuild node_modules/.staging/eslint-f95cb616
191 silly gentlyRm /home/murshid/node_modules/.staging/espree-f76df392 is being purged from base /home/murshid
192 verbose gentlyRm don't care about contents; nuking /home/murshid/node_modules/.staging/espree-f76df392
193 silly gentlyRm /home/murshid/node_modules/.staging/acorn-d7cdc1e6 is being purged from base /home/murshid
194 verbose gentlyRm don't care about contents; nuking /home/murshid/node_modules/.staging/acorn-d7cdc1e6
195 verbose tar unpack /home/murshid/.npm/espree/3.4.3/package.tgz
196 verbose tar unpacking to /home/murshid/node_modules/.staging/espree-f76df392
197 silly gentlyRm /home/murshid/node_modules/.staging/espree-f76df392 is being purged
198 verbose gentlyRm don't care about contents; nuking /home/murshid/node_modules/.staging/espree-f76df392
199 silly gentlyRm /home/murshid/node_modules/.staging/eslint-f95cb616 is being purged from base /home/murshid
200 verbose gentlyRm don't care about contents; nuking /home/murshid/node_modules/.staging/eslint-f95cb616
201 verbose tar unpack /home/murshid/.npm/acorn/5.0.3/package.tgz
202 verbose tar unpacking to /home/murshid/node_modules/.staging/acorn-d7cdc1e6
203 silly gentlyRm /home/murshid/node_modules/.staging/acorn-d7cdc1e6 is being purged
204 verbose gentlyRm don't care about contents; nuking /home/murshid/node_modules/.staging/acorn-d7cdc1e6
205 silly gunzTarPerm modes [ '775', '664' ]
206 verbose tar unpack /home/murshid/.npm/eslint/3.19.0/package.tgz
207 verbose tar unpacking to /home/murshid/node_modules/.staging/eslint-f95cb616
208 silly gentlyRm /home/murshid/node_modules/.staging/eslint-f95cb616 is being purged
209 verbose gentlyRm don't care about contents; nuking /home/murshid/node_modules/.staging/eslint-f95cb616
210 silly gunzTarPerm modes [ '775', '664' ]
211 silly gunzTarPerm modes [ '775', '664' ]
212 silly gunzTarPerm extractEntry package.json
213 silly gunzTarPerm modified mode [ 'package.json', 420, 436 ]
214 silly gunzTarPerm extractEntry package.json
215 silly gunzTarPerm modified mode [ 'package.json', 420, 436 ]
216 silly gunzTarPerm extractEntry package.json
217 silly gunzTarPerm modified mode [ 'package.json', 420, 436 ]
218 silly gunzTarPerm extractEntry README.md
219 silly gunzTarPerm modified mode [ 'README.md', 420, 436 ]
220 silly gunzTarPerm extractEntry LICENSE
221 silly gunzTarPerm modified mode [ 'LICENSE', 420, 436 ]
222 silly gunzTarPerm extractEntry .npmignore
223 silly gunzTarPerm modified mode [ '.npmignore', 420, 436 ]
224 silly gunzTarPerm extractEntry README.md
225 silly gunzTarPerm modified mode [ 'README.md', 420, 436 ]
226 silly gunzTarPerm extractEntry README.md
227 silly gunzTarPerm modified mode [ 'README.md', 420, 436 ]
228 silly gunzTarPerm extractEntry LICENSE
229 silly gunzTarPerm modified mode [ 'LICENSE', 420, 436 ]
230 silly gunzTarPerm extractEntry espree.js
231 silly gunzTarPerm modified mode [ 'espree.js', 420, 436 ]
232 silly gunzTarPerm extractEntry lib/ast-node-types.js
233 silly gunzTarPerm modified mode [ 'lib/ast-node-types.js', 420, 436 ]
234 silly gunzTarPerm extractEntry lib/comment-attachment.js
235 silly gunzTarPerm modified mode [ 'lib/comment-attachment.js', 420, 436 ]
236 silly gunzTarPerm extractEntry lib/features.js
237 silly gunzTarPerm modified mode [ 'lib/features.js', 420, 436 ]
238 silly gunzTarPerm extractEntry lib/token-translator.js
239 silly gunzTarPerm modified mode [ 'lib/token-translator.js', 420, 436 ]
240 silly gunzTarPerm extractEntry lib/visitor-keys.js
241 silly gunzTarPerm modified mode [ 'lib/visitor-keys.js', 420, 436 ]
242 silly gunzTarPerm extractEntry CHANGELOG.md
243 silly gunzTarPerm modified mode [ 'CHANGELOG.md', 420, 436 ]
244 silly gunzTarPerm extractEntry LICENSE
245 silly gunzTarPerm modified mode [ 'LICENSE', 420, 436 ]
246 silly gunzTarPerm extractEntry CHANGELOG.md
247 silly gunzTarPerm modified mode [ 'CHANGELOG.md', 420, 436 ]
248 silly gunzTarPerm extractEntry AUTHORS
249 silly gunzTarPerm modified mode [ 'AUTHORS', 420, 436 ]
250 silly gunzTarPerm extractEntry CHANGELOG.md
251 silly gunzTarPerm modified mode [ 'CHANGELOG.md', 420, 436 ]
252 silly gunzTarPerm extractEntry bin/eslint.js
253 silly gunzTarPerm modified mode [ 'bin/eslint.js', 493, 509 ]
254 silly gunzTarPerm extractEntry conf/cli-options.js
255 silly gunzTarPerm modified mode [ 'conf/cli-options.js', 420, 436 ]
256 silly gunzTarPerm extractEntry bin/acorn
257 silly gunzTarPerm modified mode [ 'bin/acorn', 420, 436 ]
258 silly gunzTarPerm extractEntry dist/acorn.es.js
259 silly gunzTarPerm modified mode [ 'dist/acorn.es.js', 420, 436 ]
260 silly gunzTarPerm extractEntry conf/environments.js
261 silly gunzTarPerm modified mode [ 'conf/environments.js', 420, 436 ]
262 silly gunzTarPerm extractEntry conf/eslint-all.js
263 silly gunzTarPerm modified mode [ 'conf/eslint-all.js', 420, 436 ]
264 silly gunzTarPerm extractEntry conf/eslint-recommended.js
265 silly gunzTarPerm modified mode [ 'conf/eslint-recommended.js', 493, 509 ]
266 silly gunzTarPerm extractEntry conf/blank-script.json
267 silly gunzTarPerm modified mode [ 'conf/blank-script.json', 420, 436 ]
268 silly gunzTarPerm extractEntry conf/category-list.json
269 silly gunzTarPerm modified mode [ 'conf/category-list.json', 420, 436 ]
270 silly gunzTarPerm extractEntry conf/json-schema-schema.json
271 silly gunzTarPerm modified mode [ 'conf/json-schema-schema.json', 420, 436 ]
272 silly gunzTarPerm extractEntry dist/acorn.js
273 silly gunzTarPerm modified mode [ 'dist/acorn.js', 420, 436 ]
274 silly gunzTarPerm extractEntry conf/replacements.json
275 silly gunzTarPerm modified mode [ 'conf/replacements.json', 420, 436 ]
276 silly gunzTarPerm extractEntry dist/acorn_loose.es.js
277 silly gunzTarPerm modified mode [ 'dist/acorn_loose.es.js', 420, 436 ]
278 silly gunzTarPerm extractEntry lib/api.js
279 silly gunzTarPerm modified mode [ 'lib/api.js', 420, 436 ]
280 silly gunzTarPerm extractEntry lib/config.js
281 silly gunzTarPerm modified mode [ 'lib/config.js', 420, 436 ]
282 silly gunzTarPerm extractEntry lib/eslint.js
283 silly gunzTarPerm modified mode [ 'lib/eslint.js', 493, 509 ]
284 silly gunzTarPerm extractEntry dist/acorn_loose.js
285 silly gunzTarPerm modified mode [ 'dist/acorn_loose.js', 420, 436 ]
286 silly gunzTarPerm extractEntry dist/walk.es.js
287 silly gunzTarPerm modified mode [ 'dist/walk.es.js', 420, 436 ]
288 silly gunzTarPerm extractEntry lib/file-finder.js
289 silly gunzTarPerm modified mode [ 'lib/file-finder.js', 420, 436 ]
290 silly gunzTarPerm extractEntry lib/ignored-paths.js
291 silly gunzTarPerm modified mode [ 'lib/ignored-paths.js', 420, 436 ]
292 silly gunzTarPerm extractEntry lib/cli.js
293 silly gunzTarPerm modified mode [ 'lib/cli.js', 420, 436 ]
294 silly gunzTarPerm extractEntry lib/load-rules.js
295 silly gunzTarPerm modified mode [ 'lib/load-rules.js', 420, 436 ]
296 silly gunzTarPerm extractEntry lib/logging.js
297 silly gunzTarPerm modified mode [ 'lib/logging.js', 420, 436 ]
298 silly gunzTarPerm extractEntry dist/walk.js
299 silly gunzTarPerm modified mode [ 'dist/walk.js', 420, 436 ]
300 silly gunzTarPerm extractEntry dist/.keep
301 silly gunzTarPerm modified mode [ 'dist/.keep', 420, 436 ]
302 silly gunzTarPerm extractEntry lib/options.js
303 silly gunzTarPerm modified mode [ 'lib/options.js', 420, 436 ]
304 silly gunzTarPerm extractEntry lib/rule-context.js
305 silly gunzTarPerm modified mode [ 'lib/rule-context.js', 420, 436 ]
306 silly gunzTarPerm extractEntry lib/rules.js
307 silly gunzTarPerm modified mode [ 'lib/rules.js', 420, 436 ]
308 silly gunzTarPerm extractEntry src/whitespace.js
309 silly gunzTarPerm modified mode [ 'src/whitespace.js', 420, 436 ]
310 silly gunzTarPerm extractEntry src/location.js
311 silly gunzTarPerm modified mode [ 'src/location.js', 420, 436 ]
312 silly gunzTarPerm extractEntry src/locutil.js
313 silly gunzTarPerm modified mode [ 'src/locutil.js', 420, 436 ]
314 silly gunzTarPerm extractEntry src/util.js
315 silly gunzTarPerm modified mode [ 'src/util.js', 420, 436 ]
316 silly gunzTarPerm extractEntry lib/cli-engine.js
317 silly gunzTarPerm modified mode [ 'lib/cli-engine.js', 420, 436 ]
318 silly gunzTarPerm extractEntry lib/timing.js
319 silly gunzTarPerm modified mode [ 'lib/timing.js', 420, 436 ]
320 silly gunzTarPerm extractEntry src/lval.js
321 silly gunzTarPerm modified mode [ 'src/lval.js', 420, 436 ]
322 silly gunzTarPerm extractEntry src/index.js
323 silly gunzTarPerm modified mode [ 'src/index.js', 420, 436 ]
324 silly gunzTarPerm extractEntry src/tokentype.js
325 silly gunzTarPerm modified mode [ 'src/tokentype.js', 420, 436 ]
326 silly gunzTarPerm extractEntry src/parseutil.js
327 silly gunzTarPerm modified mode [ 'src/parseutil.js', 420, 436 ]
328 silly gunzTarPerm extractEntry lib/ast-utils.js
329 silly gunzTarPerm modified mode [ 'lib/ast-utils.js', 420, 436 ]
330 silly gunzTarPerm extractEntry lib/util/comment-event-generator.js
331 silly gunzTarPerm modified mode [ 'lib/util/comment-event-generator.js', 420, 436 ]
332 silly gunzTarPerm extractEntry src/scope.js
333 silly gunzTarPerm modified mode [ 'src/scope.js', 420, 436 ]
334 silly gunzTarPerm extractEntry src/state.js
335 silly gunzTarPerm modified mode [ 'src/state.js', 420, 436 ]
336 silly gunzTarPerm extractEntry lib/util/hash.js
337 silly gunzTarPerm modified mode [ 'lib/util/hash.js', 420, 436 ]
338 silly gunzTarPerm extractEntry lib/util/keywords.js
339 silly gunzTarPerm modified mode [ 'lib/util/keywords.js', 420, 436 ]
340 silly gunzTarPerm extractEntry src/statement.js
341 silly gunzTarPerm modified mode [ 'src/statement.js', 420, 436 ]
342 silly gunzTarPerm extractEntry src/identifier.js
343 silly gunzTarPerm modified mode [ 'src/identifier.js', 420, 436 ]
344 silly gunzTarPerm extractEntry src/tokencontext.js
345 silly gunzTarPerm modified mode [ 'src/tokencontext.js', 420, 436 ]
346 silly gunzTarPerm extractEntry src/expression.js
347 silly gunzTarPerm modified mode [ 'src/expression.js', 420, 436 ]
348 silly gunzTarPerm extractEntry src/tokenize.js
349 silly gunzTarPerm modified mode [ 'src/tokenize.js', 420, 436 ]
350 silly gunzTarPerm extractEntry src/node.js
351 silly gunzTarPerm modified mode [ 'src/node.js', 420, 436 ]
352 silly gunzTarPerm extractEntry lib/util/module-resolver.js
353 silly gunzTarPerm modified mode [ 'lib/util/module-resolver.js', 420, 436 ]
354 silly gunzTarPerm extractEntry lib/util/node-event-generator.js
355 silly gunzTarPerm modified mode [ 'lib/util/node-event-generator.js', 420, 436 ]
356 silly gunzTarPerm extractEntry src/options.js
357 silly gunzTarPerm modified mode [ 'src/options.js', 420, 436 ]
358 silly gunzTarPerm extractEntry src/bin/acorn.js
359 silly gunzTarPerm modified mode [ 'src/bin/acorn.js', 420, 436 ]
360 silly gunzTarPerm extractEntry src/bin/.eslintrc
361 silly gunzTarPerm modified mode [ 'src/bin/.eslintrc', 420, 436 ]
362 silly gentlyRm /home/murshid/node_modules/.staging/espree-f76df392/node_modules is being purged
363 verbose gentlyRm don't care about contents; nuking /home/murshid/node_modules/.staging/espree-f76df392/node_modules
364 silly gunzTarPerm extractEntry lib/util/glob.js
365 silly gunzTarPerm modified mode [ 'lib/util/glob.js', 420, 436 ]
366 silly gunzTarPerm extractEntry lib/util/path-util.js
367 silly gunzTarPerm modified mode [ 'lib/util/path-util.js', 420, 436 ]
368 silly gunzTarPerm extractEntry src/loose/expression.js
369 silly gunzTarPerm modified mode [ 'src/loose/expression.js', 420, 436 ]
370 silly gunzTarPerm extractEntry src/loose/index.js
371 silly gunzTarPerm modified mode [ 'src/loose/index.js', 420, 436 ]
372 silly gunzTarPerm extractEntry src/loose/parseutil.js
373 silly gunzTarPerm modified mode [ 'src/loose/parseutil.js', 420, 436 ]
374 silly gunzTarPerm extractEntry lib/util/traverser.js
375 silly gunzTarPerm modified mode [ 'lib/util/traverser.js', 420, 436 ]
376 silly gunzTarPerm extractEntry src/loose/state.js
377 silly gunzTarPerm modified mode [ 'src/loose/state.js', 420, 436 ]
378 silly gunzTarPerm extractEntry lib/util/rule-fixer.js
379 silly gunzTarPerm modified mode [ 'lib/util/rule-fixer.js', 420, 436 ]
380 silly gunzTarPerm extractEntry src/loose/statement.js
381 silly gunzTarPerm modified mode [ 'src/loose/statement.js', 420, 436 ]
382 silly gunzTarPerm extractEntry lib/util/source-code-fixer.js
383 silly gunzTarPerm modified mode [ 'lib/util/source-code-fixer.js', 420, 436 ]
384 silly gunzTarPerm extractEntry lib/util/source-code-util.js
385 silly gunzTarPerm modified mode [ 'lib/util/source-code-util.js', 420, 436 ]
386 silly gunzTarPerm extractEntry src/loose/tokenize.js
387 silly gunzTarPerm modified mode [ 'src/loose/tokenize.js', 420, 436 ]
388 silly gunzTarPerm extractEntry src/walk/index.js
389 silly gunzTarPerm modified mode [ 'src/walk/index.js', 420, 436 ]
390 silly gunzTarPerm extractEntry src/.eslintrc
391 silly gunzTarPerm modified mode [ 'src/.eslintrc', 420, 436 ]
392 silly gunzTarPerm extractEntry lib/util/glob-util.js
393 silly gunzTarPerm modified mode [ 'lib/util/glob-util.js', 420, 436 ]
394 silly gunzTarPerm extractEntry lib/util/source-code.js
395 silly gunzTarPerm modified mode [ 'lib/util/source-code.js', 420, 436 ]
396 silly gunzTarPerm extractEntry lib/util/fix-tracker.js
397 silly gunzTarPerm modified mode [ 'lib/util/fix-tracker.js', 420, 436 ]
398 silly gunzTarPerm extractEntry lib/util/xml-escape.js
399 silly gunzTarPerm modified mode [ 'lib/util/xml-escape.js', 420, 436 ]
400 silly gunzTarPerm extractEntry lib/util/npm-util.js
401 silly gunzTarPerm modified mode [ 'lib/util/npm-util.js', 420, 436 ]
402 silly gunzTarPerm extractEntry lib/util/patterns/letters.js
403 silly gunzTarPerm modified mode [ 'lib/util/patterns/letters.js', 420, 436 ]
404 silly gunzTarPerm extractEntry lib/code-path-analysis/code-path-analyzer.js
405 silly gunzTarPerm modified mode [ 'lib/code-path-analysis/code-path-analyzer.js', 420, 436 ]
406 silly gunzTarPerm extractEntry lib/code-path-analysis/code-path-segment.js
407 silly gunzTarPerm modified mode [ 'lib/code-path-analysis/code-path-segment.js', 420, 436 ]
408 silly gunzTarPerm extractEntry lib/code-path-analysis/code-path-state.js
409 silly gunzTarPerm modified mode [ 'lib/code-path-analysis/code-path-state.js', 420, 436 ]
410 silly gunzTarPerm extractEntry lib/code-path-analysis/code-path.js
411 silly gunzTarPerm modified mode [ 'lib/code-path-analysis/code-path.js', 420, 436 ]
412 silly gunzTarPerm extractEntry lib/code-path-analysis/debug-helpers.js
413 silly gunzTarPerm modified mode [ 'lib/code-path-analysis/debug-helpers.js', 420, 436 ]
414 silly gunzTarPerm extractEntry lib/code-path-analysis/fork-context.js
415 silly gunzTarPerm modified mode [ 'lib/code-path-analysis/fork-context.js', 420, 436 ]
416 silly gunzTarPerm extractEntry lib/code-path-analysis/id-generator.js
417 silly gunzTarPerm modified mode [ 'lib/code-path-analysis/id-generator.js', 420, 436 ]
418 silly gunzTarPerm extractEntry lib/rules/yoda.js
419 silly gunzTarPerm modified mode [ 'lib/rules/yoda.js', 420, 436 ]
420 silly gunzTarPerm extractEntry lib/rules/no-mixed-requires.js
421 silly gunzTarPerm modified mode [ 'lib/rules/no-mixed-requires.js', 420, 436 ]
422 silly gunzTarPerm extractEntry lib/rules/no-mixed-spaces-and-tabs.js
423 silly gunzTarPerm modified mode [ 'lib/rules/no-mixed-spaces-and-tabs.js', 420, 436 ]
424 silly gunzTarPerm extractEntry lib/rules/no-multi-assign.js
425 silly gunzTarPerm modified mode [ 'lib/rules/no-multi-assign.js', 420, 436 ]
426 silly gunzTarPerm extractEntry lib/rules/no-mixed-operators.js
427 silly gunzTarPerm modified mode [ 'lib/rules/no-mixed-operators.js', 420, 436 ]
428 silly gunzTarPerm extractEntry lib/rules/no-multi-str.js
429 silly gunzTarPerm modified mode [ 'lib/rules/no-multi-str.js', 420, 436 ]
430 silly gunzTarPerm extractEntry lib/rules/no-multiple-empty-lines.js
431 silly gunzTarPerm modified mode [ 'lib/rules/no-multiple-empty-lines.js', 420, 436 ]
432 silly gunzTarPerm extractEntry lib/rules/no-native-reassign.js
433 silly gunzTarPerm modified mode [ 'lib/rules/no-native-reassign.js', 420, 436 ]
434 silly gunzTarPerm extractEntry lib/rules/no-negated-condition.js
435 silly gunzTarPerm modified mode [ 'lib/rules/no-negated-condition.js', 420, 436 ]
436 silly gunzTarPerm extractEntry lib/rules/no-negated-in-lhs.js
437 silly gunzTarPerm modified mode [ 'lib/rules/no-negated-in-lhs.js', 420, 436 ]
438 silly gunzTarPerm extractEntry lib/rules/no-magic-numbers.js
439 silly gunzTarPerm modified mode [ 'lib/rules/no-magic-numbers.js', 420, 436 ]
440 silly gunzTarPerm extractEntry lib/rules/no-nested-ternary.js
441 silly gunzTarPerm modified mode [ 'lib/rules/no-nested-ternary.js', 420, 436 ]
442 silly gunzTarPerm extractEntry lib/rules/no-loop-func.js
443 silly gunzTarPerm modified mode [ 'lib/rules/no-loop-func.js', 420, 436 ]
444 silly gunzTarPerm extractEntry lib/rules/no-new-func.js
445 silly gunzTarPerm modified mode [ 'lib/rules/no-new-func.js', 420, 436 ]
446 silly gunzTarPerm extractEntry lib/rules/no-lonely-if.js
447 silly gunzTarPerm modified mode [ 'lib/rules/no-lonely-if.js', 420, 436 ]
448 silly gunzTarPerm extractEntry lib/rules/no-new-object.js
449 silly gunzTarPerm modified mode [ 'lib/rules/no-new-object.js', 420, 436 ]
450 silly gunzTarPerm extractEntry lib/rules/no-lone-blocks.js
451 silly gunzTarPerm modified mode [ 'lib/rules/no-lone-blocks.js', 420, 436 ]
452 silly gunzTarPerm extractEntry lib/rules/no-new-require.js
453 silly gunzTarPerm modified mode [ 'lib/rules/no-new-require.js', 420, 436 ]
454 silly gunzTarPerm extractEntry lib/rules/no-labels.js
455 silly gunzTarPerm modified mode [ 'lib/rules/no-labels.js', 420, 436 ]
456 silly gunzTarPerm extractEntry lib/rules/no-new-symbol.js
457 silly gunzTarPerm modified mode [ 'lib/rules/no-new-symbol.js', 420, 436 ]
458 silly gunzTarPerm extractEntry lib/rules/no-label-var.js
459 silly gunzTarPerm modified mode [ 'lib/rules/no-label-var.js', 420, 436 ]
460 silly gunzTarPerm extractEntry lib/rules/no-new-wrappers.js
461 silly gunzTarPerm modified mode [ 'lib/rules/no-new-wrappers.js', 420, 436 ]
462 silly gunzTarPerm extractEntry lib/rules/no-iterator.js
463 silly gunzTarPerm modified mode [ 'lib/rules/no-iterator.js', 420, 436 ]
464 silly gunzTarPerm extractEntry lib/rules/no-new.js
465 silly gunzTarPerm modified mode [ 'lib/rules/no-new.js', 420, 436 ]
466 silly gunzTarPerm extractEntry lib/rules/no-irregular-whitespace.js
467 silly gunzTarPerm modified mode [ 'lib/rules/no-irregular-whitespace.js', 420, 436 ]
468 silly gunzTarPerm extractEntry lib/rules/no-obj-calls.js
469 silly gunzTarPerm modified mode [ 'lib/rules/no-obj-calls.js', 420, 436 ]
470 silly gunzTarPerm extractEntry lib/rules/no-invalid-this.js
471 silly gunzTarPerm modified mode [ 'lib/rules/no-invalid-this.js', 420, 436 ]
472 silly gunzTarPerm extractEntry lib/rules/no-octal-escape.js
473 silly gunzTarPerm modified mode [ 'lib/rules/no-octal-escape.js', 420, 436 ]
474 silly gunzTarPerm extractEntry lib/rules/no-invalid-regexp.js
475 silly gunzTarPerm modified mode [ 'lib/rules/no-invalid-regexp.js', 420, 436 ]
476 silly gunzTarPerm extractEntry lib/rules/no-octal.js
477 silly gunzTarPerm modified mode [ 'lib/rules/no-octal.js', 420, 436 ]
478 silly gunzTarPerm extractEntry lib/rules/no-inner-declarations.js
479 silly gunzTarPerm modified mode [ 'lib/rules/no-inner-declarations.js', 420, 436 ]
480 silly gunzTarPerm extractEntry lib/rules/no-param-reassign.js
481 silly gunzTarPerm modified mode [ 'lib/rules/no-param-reassign.js', 420, 436 ]
482 silly gunzTarPerm extractEntry lib/rules/no-inline-comments.js
483 silly gunzTarPerm modified mode [ 'lib/rules/no-inline-comments.js', 420, 436 ]
484 silly gunzTarPerm extractEntry lib/rules/no-path-concat.js
485 silly gunzTarPerm modified mode [ 'lib/rules/no-path-concat.js', 420, 436 ]
486 silly gunzTarPerm extractEntry lib/rules/no-implied-eval.js
487 silly gunzTarPerm modified mode [ 'lib/rules/no-implied-eval.js', 420, 436 ]
488 silly gunzTarPerm extractEntry lib/rules/no-plusplus.js
489 silly gunzTarPerm modified mode [ 'lib/rules/no-plusplus.js', 420, 436 ]
490 silly gunzTarPerm extractEntry lib/rules/no-implicit-globals.js
491 silly gunzTarPerm modified mode [ 'lib/rules/no-implicit-globals.js', 420, 436 ]
492 silly gunzTarPerm extractEntry lib/rules/no-process-env.js
493 silly gunzTarPerm modified mode [ 'lib/rules/no-process-env.js', 420, 436 ]
494 silly gunzTarPerm extractEntry lib/rules/no-implicit-coercion.js
495 silly gunzTarPerm modified mode [ 'lib/rules/no-implicit-coercion.js', 420, 436 ]
496 silly gunzTarPerm extractEntry lib/rules/no-process-exit.js
497 silly gunzTarPerm modified mode [ 'lib/rules/no-process-exit.js', 420, 436 ]
498 silly gunzTarPerm extractEntry lib/rules/no-global-assign.js
499 silly gunzTarPerm modified mode [ 'lib/rules/no-global-assign.js', 420, 436 ]
500 silly gunzTarPerm extractEntry lib/rules/no-proto.js
501 silly gunzTarPerm modified mode [ 'lib/rules/no-proto.js', 420, 436 ]
502 silly gunzTarPerm extractEntry lib/rules/no-func-assign.js
503 silly gunzTarPerm modified mode [ 'lib/rules/no-func-assign.js', 420, 436 ]
504 silly gunzTarPerm extractEntry lib/rules/no-prototype-builtins.js
505 silly gunzTarPerm modified mode [ 'lib/rules/no-prototype-builtins.js', 420, 436 ]
506 silly gunzTarPerm extractEntry lib/rules/no-floating-decimal.js
507 silly gunzTarPerm modified mode [ 'lib/rules/no-floating-decimal.js', 420, 436 ]
508 silly gunzTarPerm extractEntry lib/rules/no-redeclare.js
509 silly gunzTarPerm modified mode [ 'lib/rules/no-redeclare.js', 420, 436 ]
510 silly gunzTarPerm extractEntry lib/rules/no-fallthrough.js
511 silly gunzTarPerm modified mode [ 'lib/rules/no-fallthrough.js', 420, 436 ]
512 silly gunzTarPerm extractEntry lib/rules/no-regex-spaces.js
513 silly gunzTarPerm modified mode [ 'lib/rules/no-regex-spaces.js', 420, 436 ]
514 silly gunzTarPerm extractEntry lib/rules/no-extra-semi.js
515 silly gunzTarPerm modified mode [ 'lib/rules/no-extra-semi.js', 420, 436 ]
516 silly gunzTarPerm extractEntry lib/rules/no-restricted-globals.js
517 silly gunzTarPerm modified mode [ 'lib/rules/no-restricted-globals.js', 420, 436 ]
518 silly gunzTarPerm extractEntry lib/rules/no-extra-parens.js
519 silly gunzTarPerm modified mode [ 'lib/rules/no-extra-parens.js', 420, 436 ]
520 silly gunzTarPerm extractEntry lib/rules/no-restricted-imports.js
521 silly gunzTarPerm modified mode [ 'lib/rules/no-restricted-imports.js', 420, 436 ]
522 silly gunzTarPerm extractEntry lib/rules/no-extra-label.js
523 silly gunzTarPerm modified mode [ 'lib/rules/no-extra-label.js', 420, 436 ]
524 silly gunzTarPerm extractEntry lib/rules/no-restricted-modules.js
525 silly gunzTarPerm modified mode [ 'lib/rules/no-restricted-modules.js', 420, 436 ]
526 silly gunzTarPerm extractEntry lib/rules/no-extra-boolean-cast.js
527 silly gunzTarPerm modified mode [ 'lib/rules/no-extra-boolean-cast.js', 420, 436 ]
528 silly gentlyRm /home/murshid/node_modules/.staging/acorn-d7cdc1e6/node_modules is being purged
529 verbose gentlyRm don't care about contents; nuking /home/murshid/node_modules/.staging/acorn-d7cdc1e6/node_modules
530 silly gunzTarPerm extractEntry lib/rules/no-restricted-properties.js
531 silly gunzTarPerm modified mode [ 'lib/rules/no-restricted-properties.js', 420, 436 ]
532 silly gunzTarPerm extractEntry lib/rules/no-extra-bind.js
533 silly gunzTarPerm modified mode [ 'lib/rules/no-extra-bind.js', 420, 436 ]
534 silly gunzTarPerm extractEntry lib/rules/no-restricted-syntax.js
535 silly gunzTarPerm modified mode [ 'lib/rules/no-restricted-syntax.js', 420, 436 ]
536 silly gunzTarPerm extractEntry lib/rules/no-extend-native.js
537 silly gunzTarPerm modified mode [ 'lib/rules/no-extend-native.js', 420, 436 ]
538 silly gunzTarPerm extractEntry lib/rules/no-return-assign.js
539 silly gunzTarPerm modified mode [ 'lib/rules/no-return-assign.js', 420, 436 ]
540 silly gunzTarPerm extractEntry lib/rules/no-ex-assign.js
541 silly gunzTarPerm modified mode [ 'lib/rules/no-ex-assign.js', 420, 436 ]
542 silly gunzTarPerm extractEntry lib/rules/no-return-await.js
543 silly gunzTarPerm modified mode [ 'lib/rules/no-return-await.js', 420, 436 ]
544 silly gunzTarPerm extractEntry lib/rules/no-eval.js
545 silly gunzTarPerm modified mode [ 'lib/rules/no-eval.js', 420, 436 ]
546 silly gunzTarPerm extractEntry lib/rules/no-script-url.js
547 silly gunzTarPerm modified mode [ 'lib/rules/no-script-url.js', 420, 436 ]
548 silly gunzTarPerm extractEntry lib/rules/no-eq-null.js
549 silly gunzTarPerm modified mode [ 'lib/rules/no-eq-null.js', 420, 436 ]
550 silly gunzTarPerm extractEntry lib/rules/no-self-assign.js
551 silly gunzTarPerm modified mode [ 'lib/rules/no-self-assign.js', 420, 436 ]
552 silly gunzTarPerm extractEntry lib/rules/no-empty.js
553 silly gunzTarPerm modified mode [ 'lib/rules/no-empty.js', 420, 436 ]
554 silly gunzTarPerm extractEntry lib/rules/no-self-compare.js
555 silly gunzTarPerm modified mode [ 'lib/rules/no-self-compare.js', 420, 436 ]
556 silly gunzTarPerm extractEntry lib/rules/no-empty-pattern.js
557 silly gunzTarPerm modified mode [ 'lib/rules/no-empty-pattern.js', 420, 436 ]
558 silly gunzTarPerm extractEntry lib/rules/no-sequences.js
559 silly gunzTarPerm modified mode [ 'lib/rules/no-sequences.js', 420, 436 ]
560 silly gunzTarPerm extractEntry lib/rules/no-empty-function.js
561 silly gunzTarPerm modified mode [ 'lib/rules/no-empty-function.js', 420, 436 ]
562 silly gunzTarPerm extractEntry lib/rules/no-shadow-restricted-names.js
563 silly gunzTarPerm modified mode [ 'lib/rules/no-shadow-restricted-names.js', 420, 436 ]
564 silly gunzTarPerm extractEntry lib/rules/no-empty-character-class.js
565 silly gunzTarPerm modified mode [ 'lib/rules/no-empty-character-class.js', 420, 436 ]
566 silly gunzTarPerm extractEntry lib/rules/no-shadow.js
567 silly gunzTarPerm modified mode [ 'lib/rules/no-shadow.js', 420, 436 ]
568 silly gunzTarPerm extractEntry lib/rules/no-else-return.js
569 silly gunzTarPerm modified mode [ 'lib/rules/no-else-return.js', 420, 436 ]
570 silly gunzTarPerm extractEntry lib/rules/no-spaced-func.js
571 silly gunzTarPerm modified mode [ 'lib/rules/no-spaced-func.js', 420, 436 ]
572 silly gunzTarPerm extractEntry lib/rules/no-duplicate-imports.js
573 silly gunzTarPerm modified mode [ 'lib/rules/no-duplicate-imports.js', 420, 436 ]
574 silly gunzTarPerm extractEntry lib/rules/no-sparse-arrays.js
575 silly gunzTarPerm modified mode [ 'lib/rules/no-sparse-arrays.js', 420, 436 ]
576 silly gunzTarPerm extractEntry lib/rules/no-duplicate-case.js
577 silly gunzTarPerm modified mode [ 'lib/rules/no-duplicate-case.js', 420, 436 ]
578 silly gunzTarPerm extractEntry lib/rules/no-sync.js
579 silly gunzTarPerm modified mode [ 'lib/rules/no-sync.js', 420, 436 ]
580 silly gunzTarPerm extractEntry lib/rules/no-dupe-keys.js
581 silly gunzTarPerm modified mode [ 'lib/rules/no-dupe-keys.js', 420, 436 ]
582 silly gunzTarPerm extractEntry lib/rules/no-tabs.js
583 silly gunzTarPerm modified mode [ 'lib/rules/no-tabs.js', 420, 436 ]
584 silly gunzTarPerm extractEntry lib/rules/no-dupe-class-members.js
585 silly gunzTarPerm modified mode [ 'lib/rules/no-dupe-class-members.js', 420, 436 ]
586 silly gunzTarPerm extractEntry lib/rules/no-template-curly-in-string.js
587 silly gunzTarPerm modified mode [ 'lib/rules/no-template-curly-in-string.js', 420, 436 ]
588 silly gunzTarPerm extractEntry lib/rules/no-dupe-args.js
589 silly gunzTarPerm modified mode [ 'lib/rules/no-dupe-args.js', 420, 436 ]
590 silly gunzTarPerm extractEntry lib/rules/no-ternary.js
591 silly gunzTarPerm modified mode [ 'lib/rules/no-ternary.js', 420, 436 ]
592 silly gunzTarPerm extractEntry lib/rules/no-div-regex.js
593 silly gunzTarPerm modified mode [ 'lib/rules/no-div-regex.js', 420, 436 ]
594 silly gunzTarPerm extractEntry lib/rules/no-this-before-super.js
595 silly gunzTarPerm modified mode [ 'lib/rules/no-this-before-super.js', 420, 436 ]
596 silly gunzTarPerm extractEntry lib/rules/no-delete-var.js
597 silly gunzTarPerm modified mode [ 'lib/rules/no-delete-var.js', 420, 436 ]
598 silly gunzTarPerm extractEntry lib/rules/no-throw-literal.js
599 silly gunzTarPerm modified mode [ 'lib/rules/no-throw-literal.js', 420, 436 ]
600 silly gunzTarPerm extractEntry lib/rules/no-debugger.js
601 silly gunzTarPerm modified mode [ 'lib/rules/no-debugger.js', 420, 436 ]
602 silly gunzTarPerm extractEntry lib/rules/no-trailing-spaces.js
603 silly gunzTarPerm modified mode [ 'lib/rules/no-trailing-spaces.js', 420, 436 ]
604 silly gunzTarPerm extractEntry lib/rules/no-control-regex.js
605 silly gunzTarPerm modified mode [ 'lib/rules/no-control-regex.js', 420, 436 ]
606 silly gunzTarPerm extractEntry lib/rules/no-undef-init.js
607 silly gunzTarPerm modified mode [ 'lib/rules/no-undef-init.js', 420, 436 ]
608 silly gunzTarPerm extractEntry lib/rules/no-continue.js
609 silly gunzTarPerm modified mode [ 'lib/rules/no-continue.js', 420, 436 ]
610 silly gunzTarPerm extractEntry lib/rules/no-undef.js
611 silly gunzTarPerm modified mode [ 'lib/rules/no-undef.js', 420, 436 ]
612 silly gunzTarPerm extractEntry lib/rules/no-constant-condition.js
613 silly gunzTarPerm modified mode [ 'lib/rules/no-constant-condition.js', 420, 436 ]
614 silly gunzTarPerm extractEntry lib/rules/no-undefined.js
615 silly gunzTarPerm modified mode [ 'lib/rules/no-undefined.js', 420, 436 ]
616 silly gunzTarPerm extractEntry lib/rules/no-const-assign.js
617 silly gunzTarPerm modified mode [ 'lib/rules/no-const-assign.js', 420, 436 ]
618 silly gunzTarPerm extractEntry lib/rules/no-underscore-dangle.js
619 silly gunzTarPerm modified mode [ 'lib/rules/no-underscore-dangle.js', 420, 436 ]
620 silly gunzTarPerm extractEntry lib/rules/no-console.js
621 silly gunzTarPerm modified mode [ 'lib/rules/no-console.js', 420, 436 ]
622 silly gunzTarPerm extractEntry lib/rules/no-unexpected-multiline.js
623 silly gunzTarPerm modified mode [ 'lib/rules/no-unexpected-multiline.js', 420, 436 ]
624 silly gunzTarPerm extractEntry lib/rules/no-confusing-arrow.js
625 silly gunzTarPerm modified mode [ 'lib/rules/no-confusing-arrow.js', 420, 436 ]
626 silly gunzTarPerm extractEntry lib/rules/no-unmodified-loop-condition.js
627 silly gunzTarPerm modified mode [ 'lib/rules/no-unmodified-loop-condition.js', 420, 436 ]
628 silly gunzTarPerm extractEntry lib/rules/no-cond-assign.js
629 silly gunzTarPerm modified mode [ 'lib/rules/no-cond-assign.js', 420, 436 ]
630 silly gunzTarPerm extractEntry lib/rules/no-unneeded-ternary.js
631 silly gunzTarPerm modified mode [ 'lib/rules/no-unneeded-ternary.js', 420, 436 ]
632 silly gunzTarPerm extractEntry lib/rules/no-compare-neg-zero.js
633 silly gunzTarPerm modified mode [ 'lib/rules/no-compare-neg-zero.js', 420, 436 ]
634 silly gunzTarPerm extractEntry lib/rules/no-unreachable.js
635 silly gunzTarPerm modified mode [ 'lib/rules/no-unreachable.js', 420, 436 ]
636 silly gunzTarPerm extractEntry lib/rules/no-class-assign.js
637 silly gunzTarPerm modified mode [ 'lib/rules/no-class-assign.js', 420, 436 ]
638 silly gunzTarPerm extractEntry lib/rules/no-unsafe-finally.js
639 silly gunzTarPerm modified mode [ 'lib/rules/no-unsafe-finally.js', 420, 436 ]
640 silly gunzTarPerm extractEntry lib/rules/no-catch-shadow.js
641 silly gunzTarPerm modified mode [ 'lib/rules/no-catch-shadow.js', 420, 436 ]
642 silly gunzTarPerm extractEntry lib/rules/no-unsafe-negation.js
643 silly gunzTarPerm modified mode [ 'lib/rules/no-unsafe-negation.js', 420, 436 ]
644 silly gunzTarPerm extractEntry lib/rules/no-case-declarations.js
645 silly gunzTarPerm modified mode [ 'lib/rules/no-case-declarations.js', 420, 436 ]
646 silly gunzTarPerm extractEntry lib/rules/no-unused-expressions.js
647 silly gunzTarPerm modified mode [ 'lib/rules/no-unused-expressions.js', 420, 436 ]
648 silly gunzTarPerm extractEntry lib/rules/no-caller.js
649 silly gunzTarPerm modified mode [ 'lib/rules/no-caller.js', 420, 436 ]
650 silly gunzTarPerm extractEntry lib/rules/no-unused-labels.js
651 silly gunzTarPerm modified mode [ 'lib/rules/no-unused-labels.js', 420, 436 ]
652 silly gunzTarPerm extractEntry lib/rules/no-bitwise.js
653 silly gunzTarPerm modified mode [ 'lib/rules/no-bitwise.js', 420, 436 ]
654 silly gunzTarPerm extractEntry lib/rules/no-unused-vars.js
655 silly gunzTarPerm modified mode [ 'lib/rules/no-unused-vars.js', 420, 436 ]
656 silly gunzTarPerm extractEntry lib/rules/no-await-in-loop.js
657 silly gunzTarPerm modified mode [ 'lib/rules/no-await-in-loop.js', 420, 436 ]
658 silly gunzTarPerm extractEntry lib/rules/no-use-before-define.js
659 silly gunzTarPerm modified mode [ 'lib/rules/no-use-before-define.js', 420, 436 ]
660 silly gunzTarPerm extractEntry lib/rules/no-array-constructor.js
661 silly gunzTarPerm modified mode [ 'lib/rules/no-array-constructor.js', 420, 436 ]
662 silly gunzTarPerm extractEntry lib/rules/no-useless-call.js
663 silly gunzTarPerm modified mode [ 'lib/rules/no-useless-call.js', 420, 436 ]
664 silly gunzTarPerm extractEntry lib/rules/no-alert.js
665 silly gunzTarPerm modified mode [ 'lib/rules/no-alert.js', 420, 436 ]
666 silly gunzTarPerm extractEntry lib/rules/no-useless-computed-key.js
667 silly gunzTarPerm modified mode [ 'lib/rules/no-useless-computed-key.js', 420, 436 ]
668 silly gunzTarPerm extractEntry lib/rules/newline-per-chained-call.js
669 silly gunzTarPerm modified mode [ 'lib/rules/newline-per-chained-call.js', 420, 436 ]
670 silly gunzTarPerm extractEntry lib/rules/no-useless-concat.js
671 silly gunzTarPerm modified mode [ 'lib/rules/no-useless-concat.js', 420, 436 ]
672 silly gunzTarPerm extractEntry lib/rules/newline-before-return.js
673 silly gunzTarPerm modified mode [ 'lib/rules/newline-before-return.js', 420, 436 ]
674 silly gunzTarPerm extractEntry lib/rules/no-useless-constructor.js
675 silly gunzTarPerm modified mode [ 'lib/rules/no-useless-constructor.js', 420, 436 ]
676 silly gunzTarPerm extractEntry lib/rules/newline-after-var.js
677 silly gunzTarPerm modified mode [ 'lib/rules/newline-after-var.js', 420, 436 ]
678 silly gunzTarPerm extractEntry lib/rules/no-useless-escape.js
679 silly gunzTarPerm modified mode [ 'lib/rules/no-useless-escape.js', 420, 436 ]
680 silly gunzTarPerm extractEntry lib/rules/new-parens.js
681 silly gunzTarPerm modified mode [ 'lib/rules/new-parens.js', 420, 436 ]
682 silly gunzTarPerm extractEntry lib/rules/no-useless-rename.js
683 silly gunzTarPerm modified mode [ 'lib/rules/no-useless-rename.js', 420, 436 ]
684 silly gunzTarPerm extractEntry lib/rules/new-cap.js
685 silly gunzTarPerm modified mode [ 'lib/rules/new-cap.js', 420, 436 ]
686 silly gunzTarPerm extractEntry lib/rules/no-useless-return.js
687 silly gunzTarPerm modified mode [ 'lib/rules/no-useless-return.js', 420, 436 ]
688 silly gunzTarPerm extractEntry lib/rules/multiline-ternary.js
689 silly gunzTarPerm modified mode [ 'lib/rules/multiline-ternary.js', 420, 436 ]
690 silly gunzTarPerm extractEntry lib/rules/no-var.js
691 silly gunzTarPerm modified mode [ 'lib/rules/no-var.js', 420, 436 ]
692 silly gunzTarPerm extractEntry lib/rules/max-statements.js
693 silly gunzTarPerm modified mode [ 'lib/rules/max-statements.js', 420, 436 ]
694 silly gunzTarPerm extractEntry lib/rules/no-void.js
695 silly gunzTarPerm modified mode [ 'lib/rules/no-void.js', 420, 436 ]
696 silly gunzTarPerm extractEntry lib/rules/max-statements-per-line.js
697 silly gunzTarPerm modified mode [ 'lib/rules/max-statements-per-line.js', 420, 436 ]
698 silly gunzTarPerm extractEntry lib/rules/no-warning-comments.js
699 silly gunzTarPerm modified mode [ 'lib/rules/no-warning-comments.js', 420, 436 ]
700 silly gunzTarPerm extractEntry lib/rules/max-params.js
701 silly gunzTarPerm modified mode [ 'lib/rules/max-params.js', 420, 436 ]
702 silly gunzTarPerm extractEntry lib/rules/no-whitespace-before-property.js
703 silly gunzTarPerm modified mode [ 'lib/rules/no-whitespace-before-property.js', 420, 436 ]
704 silly gunzTarPerm extractEntry lib/rules/max-nested-callbacks.js
705 silly gunzTarPerm modified mode [ 'lib/rules/max-nested-callbacks.js', 420, 436 ]
706 silly gunzTarPerm extractEntry lib/rules/no-with.js
707 silly gunzTarPerm modified mode [ 'lib/rules/no-with.js', 420, 436 ]
708 silly gunzTarPerm extractEntry lib/rules/max-lines.js
709 silly gunzTarPerm modified mode [ 'lib/rules/max-lines.js', 420, 436 ]
710 silly gunzTarPerm extractEntry lib/rules/nonblock-statement-body-position.js
711 silly gunzTarPerm modified mode [ 'lib/rules/nonblock-statement-body-position.js', 420, 436 ]
712 silly gunzTarPerm extractEntry lib/rules/max-len.js
713 silly gunzTarPerm modified mode [ 'lib/rules/max-len.js', 420, 436 ]
714 silly gunzTarPerm extractEntry lib/rules/object-curly-newline.js
715 silly gunzTarPerm modified mode [ 'lib/rules/object-curly-newline.js', 420, 436 ]
716 silly gunzTarPerm extractEntry lib/rules/max-depth.js
717 silly gunzTarPerm modified mode [ 'lib/rules/max-depth.js', 420, 436 ]
718 silly gunzTarPerm extractEntry lib/rules/object-curly-spacing.js
719 silly gunzTarPerm modified mode [ 'lib/rules/object-curly-spacing.js', 420, 436 ]
720 silly gunzTarPerm extractEntry lib/rules/lines-around-directive.js
721 silly gunzTarPerm modified mode [ 'lib/rules/lines-around-directive.js', 420, 436 ]
722 silly gunzTarPerm extractEntry lib/rules/object-property-newline.js
723 silly gunzTarPerm modified mode [ 'lib/rules/object-property-newline.js', 420, 436 ]
724 silly gunzTarPerm extractEntry lib/rules/lines-around-comment.js
725 silly gunzTarPerm modified mode [ 'lib/rules/lines-around-comment.js', 420, 436 ]
726 silly gunzTarPerm extractEntry lib/rules/object-shorthand.js
727 silly gunzTarPerm modified mode [ 'lib/rules/object-shorthand.js', 420, 436 ]
728 silly gunzTarPerm extractEntry lib/rules/linebreak-style.js
729 silly gunzTarPerm modified mode [ 'lib/rules/linebreak-style.js', 420, 436 ]
730 silly gunzTarPerm extractEntry lib/rules/one-var-declaration-per-line.js
731 silly gunzTarPerm modified mode [ 'lib/rules/one-var-declaration-per-line.js', 420, 436 ]
732 silly gunzTarPerm extractEntry lib/rules/line-comment-position.js
733 silly gunzTarPerm modified mode [ 'lib/rules/line-comment-position.js', 420, 436 ]
734 silly gunzTarPerm extractEntry lib/rules/one-var.js
735 silly gunzTarPerm modified mode [ 'lib/rules/one-var.js', 420, 436 ]
736 silly gunzTarPerm extractEntry lib/rules/keyword-spacing.js
737 silly gunzTarPerm modified mode [ 'lib/rules/keyword-spacing.js', 420, 436 ]
738 silly gunzTarPerm extractEntry lib/rules/operator-assignment.js
739 silly gunzTarPerm modified mode [ 'lib/rules/operator-assignment.js', 420, 436 ]
740 silly gunzTarPerm extractEntry lib/rules/key-spacing.js
741 silly gunzTarPerm modified mode [ 'lib/rules/key-spacing.js', 420, 436 ]
742 silly gunzTarPerm extractEntry lib/rules/operator-linebreak.js
743 silly gunzTarPerm modified mode [ 'lib/rules/operator-linebreak.js', 420, 436 ]
744 silly gunzTarPerm extractEntry lib/rules/jsx-quotes.js
745 silly gunzTarPerm modified mode [ 'lib/rules/jsx-quotes.js', 420, 436 ]
746 silly gunzTarPerm extractEntry lib/rules/padded-blocks.js
747 silly gunzTarPerm modified mode [ 'lib/rules/padded-blocks.js', 420, 436 ]
748 silly gunzTarPerm extractEntry lib/rules/init-declarations.js
749 silly gunzTarPerm modified mode [ 'lib/rules/init-declarations.js', 420, 436 ]
750 silly gunzTarPerm extractEntry lib/rules/prefer-arrow-callback.js
751 silly gunzTarPerm modified mode [ 'lib/rules/prefer-arrow-callback.js', 420, 436 ]
752 silly gunzTarPerm extractEntry lib/rules/indent.js
753 silly gunzTarPerm modified mode [ 'lib/rules/indent.js', 420, 436 ]
754 silly gunzTarPerm extractEntry lib/rules/prefer-const.js
755 silly gunzTarPerm modified mode [ 'lib/rules/prefer-const.js', 420, 436 ]
756 silly gunzTarPerm extractEntry lib/rules/id-match.js
757 silly gunzTarPerm modified mode [ 'lib/rules/id-match.js', 420, 436 ]
758 silly gunzTarPerm extractEntry lib/rules/prefer-destructuring.js
759 silly gunzTarPerm modified mode [ 'lib/rules/prefer-destructuring.js', 420, 436 ]
760 silly gunzTarPerm extractEntry lib/rules/id-length.js
761 silly gunzTarPerm modified mode [ 'lib/rules/id-length.js', 420, 436 ]
762 silly gunzTarPerm extractEntry lib/rules/prefer-numeric-literals.js
763 silly gunzTarPerm modified mode [ 'lib/rules/prefer-numeric-literals.js', 420, 436 ]
764 silly gunzTarPerm extractEntry lib/rules/id-blacklist.js
765 silly gunzTarPerm modified mode [ 'lib/rules/id-blacklist.js', 420, 436 ]
766 silly gunzTarPerm extractEntry lib/rules/prefer-promise-reject-errors.js
767 silly gunzTarPerm modified mode [ 'lib/rules/prefer-promise-reject-errors.js', 420, 436 ]
768 silly gunzTarPerm extractEntry lib/rules/handle-callback-err.js
769 silly gunzTarPerm modified mode [ 'lib/rules/handle-callback-err.js', 420, 436 ]
770 silly gunzTarPerm extractEntry lib/rules/prefer-reflect.js
771 silly gunzTarPerm modified mode [ 'lib/rules/prefer-reflect.js', 420, 436 ]
772 silly gunzTarPerm extractEntry lib/rules/guard-for-in.js
773 silly gunzTarPerm modified mode [ 'lib/rules/guard-for-in.js', 420, 436 ]
774 silly gunzTarPerm extractEntry lib/rules/prefer-rest-params.js
775 silly gunzTarPerm modified mode [ 'lib/rules/prefer-rest-params.js', 420, 436 ]
776 silly gunzTarPerm extractEntry lib/rules/global-require.js
777 silly gunzTarPerm modified mode [ 'lib/rules/global-require.js', 420, 436 ]
778 silly gunzTarPerm extractEntry lib/rules/prefer-spread.js
779 silly gunzTarPerm modified mode [ 'lib/rules/prefer-spread.js', 420, 436 ]
780 silly gunzTarPerm extractEntry lib/rules/generator-star-spacing.js
781 silly gunzTarPerm modified mode [ 'lib/rules/generator-star-spacing.js', 420, 436 ]
782 silly gunzTarPerm extractEntry lib/rules/prefer-template.js
783 silly gunzTarPerm modified mode [ 'lib/rules/prefer-template.js', 420, 436 ]
784 silly gunzTarPerm extractEntry lib/rules/func-style.js
785 silly gunzTarPerm modified mode [ 'lib/rules/func-style.js', 420, 436 ]
786 silly gunzTarPerm extractEntry lib/rules/quote-props.js
787 silly gunzTarPerm modified mode [ 'lib/rules/quote-props.js', 420, 436 ]
788 silly gunzTarPerm extractEntry lib/rules/func-names.js
789 silly gunzTarPerm modified mode [ 'lib/rules/func-names.js', 420, 436 ]
790 silly gunzTarPerm extractEntry lib/rules/quotes.js
791 silly gunzTarPerm modified mode [ 'lib/rules/quotes.js', 420, 436 ]
792 silly gunzTarPerm extractEntry lib/rules/func-name-matching.js
793 silly gunzTarPerm modified mode [ 'lib/rules/func-name-matching.js', 420, 436 ]
794 silly gunzTarPerm extractEntry lib/rules/radix.js
795 silly gunzTarPerm modified mode [ 'lib/rules/radix.js', 420, 436 ]
796 silly gunzTarPerm extractEntry lib/rules/func-call-spacing.js
797 silly gunzTarPerm modified mode [ 'lib/rules/func-call-spacing.js', 420, 436 ]
798 silly gunzTarPerm extractEntry lib/rules/require-await.js
799 silly gunzTarPerm modified mode [ 'lib/rules/require-await.js', 420, 436 ]
800 silly gunzTarPerm extractEntry lib/rules/eqeqeq.js
801 silly gunzTarPerm modified mode [ 'lib/rules/eqeqeq.js', 420, 436 ]
802 silly gunzTarPerm extractEntry lib/rules/require-jsdoc.js
803 silly gunzTarPerm modified mode [ 'lib/rules/require-jsdoc.js', 420, 436 ]
804 silly gunzTarPerm extractEntry lib/rules/eol-last.js
805 silly gunzTarPerm modified mode [ 'lib/rules/eol-last.js', 420, 436 ]
806 silly gunzTarPerm extractEntry lib/rules/require-yield.js
807 silly gunzTarPerm modified mode [ 'lib/rules/require-yield.js', 420, 436 ]
808 silly gunzTarPerm extractEntry lib/rules/dot-notation.js
809 silly gunzTarPerm modified mode [ 'lib/rules/dot-notation.js', 420, 436 ]
810 silly gunzTarPerm extractEntry lib/rules/rest-spread-spacing.js
811 silly gunzTarPerm modified mode [ 'lib/rules/rest-spread-spacing.js', 420, 436 ]
812 silly gunzTarPerm extractEntry lib/rules/dot-location.js
813 silly gunzTarPerm modified mode [ 'lib/rules/dot-location.js', 420, 436 ]
814 silly gunzTarPerm extractEntry lib/rules/semi-spacing.js
815 silly gunzTarPerm modified mode [ 'lib/rules/semi-spacing.js', 420, 436 ]
816 silly gunzTarPerm extractEntry lib/rules/default-case.js
817 silly gunzTarPerm modified mode [ 'lib/rules/default-case.js', 420, 436 ]
818 silly gunzTarPerm extractEntry lib/rules/semi.js
819 silly gunzTarPerm modified mode [ 'lib/rules/semi.js', 420, 436 ]
820 silly gunzTarPerm extractEntry lib/rules/curly.js
821 silly gunzTarPerm modified mode [ 'lib/rules/curly.js', 420, 436 ]
822 silly gunzTarPerm extractEntry lib/rules/sort-imports.js
823 silly gunzTarPerm modified mode [ 'lib/rules/sort-imports.js', 420, 436 ]
824 silly gunzTarPerm extractEntry lib/rules/constructor-super.js
825 silly gunzTarPerm modified mode [ 'lib/rules/constructor-super.js', 420, 436 ]
826 silly gunzTarPerm extractEntry lib/rules/sort-keys.js
827 silly gunzTarPerm modified mode [ 'lib/rules/sort-keys.js', 420, 436 ]
828 silly gunzTarPerm extractEntry lib/rules/consistent-this.js
829 silly gunzTarPerm modified mode [ 'lib/rules/consistent-this.js', 420, 436 ]
830 silly gunzTarPerm extractEntry lib/rules/sort-vars.js
831 silly gunzTarPerm modified mode [ 'lib/rules/sort-vars.js', 420, 436 ]
832 silly gunzTarPerm extractEntry lib/rules/consistent-return.js
833 silly gunzTarPerm modified mode [ 'lib/rules/consistent-return.js', 420, 436 ]
834 silly gunzTarPerm extractEntry lib/rules/space-before-blocks.js
835 silly gunzTarPerm modified mode [ 'lib/rules/space-before-blocks.js', 420, 436 ]
836 silly gunzTarPerm extractEntry lib/rules/computed-property-spacing.js
837 silly gunzTarPerm modified mode [ 'lib/rules/computed-property-spacing.js', 420, 436 ]
838 silly gunzTarPerm extractEntry lib/rules/space-before-function-paren.js
839 silly gunzTarPerm modified mode [ 'lib/rules/space-before-function-paren.js', 420, 436 ]
840 silly gunzTarPerm extractEntry lib/rules/complexity.js
841 silly gunzTarPerm modified mode [ 'lib/rules/complexity.js', 420, 436 ]
842 silly gunzTarPerm extractEntry lib/rules/space-in-parens.js
843 silly gunzTarPerm modified mode [ 'lib/rules/space-in-parens.js', 420, 436 ]
844 silly gunzTarPerm extractEntry lib/rules/comma-style.js
845 silly gunzTarPerm modified mode [ 'lib/rules/comma-style.js', 420, 436 ]
846 silly gunzTarPerm extractEntry lib/rules/space-infix-ops.js
847 silly gunzTarPerm modified mode [ 'lib/rules/space-infix-ops.js', 420, 436 ]
848 silly gunzTarPerm extractEntry lib/rules/comma-spacing.js
849 silly gunzTarPerm modified mode [ 'lib/rules/comma-spacing.js', 420, 436 ]
850 silly gunzTarPerm extractEntry lib/rules/space-unary-ops.js
851 silly gunzTarPerm modified mode [ 'lib/rules/space-unary-ops.js', 420, 436 ]
852 silly gunzTarPerm extractEntry lib/rules/comma-dangle.js
853 silly gunzTarPerm modified mode [ 'lib/rules/comma-dangle.js', 420, 436 ]
854 silly gunzTarPerm extractEntry lib/rules/spaced-comment.js
855 silly gunzTarPerm modified mode [ 'lib/rules/spaced-comment.js', 420, 436 ]
856 silly gunzTarPerm extractEntry lib/rules/class-methods-use-this.js
857 silly gunzTarPerm modified mode [ 'lib/rules/class-methods-use-this.js', 420, 436 ]
858 silly gunzTarPerm extractEntry lib/rules/strict.js
859 silly gunzTarPerm modified mode [ 'lib/rules/strict.js', 420, 436 ]
860 silly gunzTarPerm extractEntry lib/rules/capitalized-comments.js
861 silly gunzTarPerm modified mode [ 'lib/rules/capitalized-comments.js', 420, 436 ]
862 silly gunzTarPerm extractEntry lib/rules/symbol-description.js
863 silly gunzTarPerm modified mode [ 'lib/rules/symbol-description.js', 420, 436 ]
864 silly gunzTarPerm extractEntry lib/rules/camelcase.js
865 silly gunzTarPerm modified mode [ 'lib/rules/camelcase.js', 420, 436 ]
866 silly gunzTarPerm extractEntry lib/rules/template-curly-spacing.js
867 silly gunzTarPerm modified mode [ 'lib/rules/template-curly-spacing.js', 420, 436 ]
868 silly gunzTarPerm extractEntry lib/rules/callback-return.js
869 silly gunzTarPerm modified mode [ 'lib/rules/callback-return.js', 420, 436 ]
870 silly gunzTarPerm extractEntry lib/rules/template-tag-spacing.js
871 silly gunzTarPerm modified mode [ 'lib/rules/template-tag-spacing.js', 493, 509 ]
872 silly gunzTarPerm extractEntry lib/rules/brace-style.js
873 silly gunzTarPerm modified mode [ 'lib/rules/brace-style.js', 420, 436 ]
874 silly gunzTarPerm extractEntry lib/rules/unicode-bom.js
875 silly gunzTarPerm modified mode [ 'lib/rules/unicode-bom.js', 420, 436 ]
876 silly gunzTarPerm extractEntry lib/rules/block-spacing.js
877 silly gunzTarPerm modified mode [ 'lib/rules/block-spacing.js', 420, 436 ]
878 silly gunzTarPerm extractEntry lib/rules/use-isnan.js
879 silly gunzTarPerm modified mode [ 'lib/rules/use-isnan.js', 420, 436 ]
880 silly gunzTarPerm extractEntry lib/rules/block-scoped-var.js
881 silly gunzTarPerm modified mode [ 'lib/rules/block-scoped-var.js', 420, 436 ]
882 silly gunzTarPerm extractEntry lib/rules/valid-jsdoc.js
883 silly gunzTarPerm modified mode [ 'lib/rules/valid-jsdoc.js', 420, 436 ]
884 silly gunzTarPerm extractEntry lib/rules/arrow-spacing.js
885 silly gunzTarPerm modified mode [ 'lib/rules/arrow-spacing.js', 420, 436 ]
886 silly gunzTarPerm extractEntry lib/rules/valid-typeof.js
887 silly gunzTarPerm modified mode [ 'lib/rules/valid-typeof.js', 420, 436 ]
888 silly gunzTarPerm extractEntry lib/rules/arrow-parens.js
889 silly gunzTarPerm modified mode [ 'lib/rules/arrow-parens.js', 420, 436 ]
890 silly gunzTarPerm extractEntry lib/rules/vars-on-top.js
891 silly gunzTarPerm modified mode [ 'lib/rules/vars-on-top.js', 420, 436 ]
892 silly gunzTarPerm extractEntry lib/rules/arrow-body-style.js
893 silly gunzTarPerm modified mode [ 'lib/rules/arrow-body-style.js', 420, 436 ]
894 silly gunzTarPerm extractEntry lib/rules/wrap-iife.js
895 silly gunzTarPerm modified mode [ 'lib/rules/wrap-iife.js', 420, 436 ]
896 silly gunzTarPerm extractEntry lib/rules/array-callback-return.js
897 silly gunzTarPerm modified mode [ 'lib/rules/array-callback-return.js', 420, 436 ]
898 silly gunzTarPerm extractEntry lib/rules/wrap-regex.js
899 silly gunzTarPerm modified mode [ 'lib/rules/wrap-regex.js', 420, 436 ]
900 silly gunzTarPerm extractEntry lib/rules/array-bracket-spacing.js
901 silly gunzTarPerm modified mode [ 'lib/rules/array-bracket-spacing.js', 420, 436 ]
902 silly gunzTarPerm extractEntry lib/rules/yield-star-spacing.js
903 silly gunzTarPerm modified mode [ 'lib/rules/yield-star-spacing.js', 420, 436 ]
904 silly gunzTarPerm extractEntry lib/rules/accessor-pairs.js
905 silly gunzTarPerm modified mode [ 'lib/rules/accessor-pairs.js', 420, 436 ]
906 silly gunzTarPerm extractEntry lib/rules/no-multi-spaces.js
907 silly gunzTarPerm modified mode [ 'lib/rules/no-multi-spaces.js', 420, 436 ]
908 silly gunzTarPerm extractEntry lib/rules/.eslintrc.yml
909 silly gunzTarPerm modified mode [ 'lib/rules/.eslintrc.yml', 420, 436 ]
910 silly gunzTarPerm extractEntry lib/config/autoconfig.js
911 silly gunzTarPerm modified mode [ 'lib/config/autoconfig.js', 420, 436 ]
912 silly gunzTarPerm extractEntry lib/config/config-file.js
913 silly gunzTarPerm modified mode [ 'lib/config/config-file.js', 420, 436 ]
914 silly gunzTarPerm extractEntry lib/config/config-initializer.js
915 silly gunzTarPerm modified mode [ 'lib/config/config-initializer.js', 420, 436 ]
916 silly gunzTarPerm extractEntry lib/config/config-ops.js
917 silly gunzTarPerm modified mode [ 'lib/config/config-ops.js', 420, 436 ]
918 silly gunzTarPerm extractEntry lib/config/config-rule.js
919 silly gunzTarPerm modified mode [ 'lib/config/config-rule.js', 420, 436 ]
920 silly gunzTarPerm extractEntry lib/config/config-validator.js
921 silly gunzTarPerm modified mode [ 'lib/config/config-validator.js', 420, 436 ]
922 silly gunzTarPerm extractEntry lib/config/environments.js
923 silly gunzTarPerm modified mode [ 'lib/config/environments.js', 420, 436 ]
924 silly gunzTarPerm extractEntry lib/config/plugins.js
925 silly gunzTarPerm modified mode [ 'lib/config/plugins.js', 420, 436 ]
926 silly gunzTarPerm extractEntry lib/testers/event-generator-tester.js
927 silly gunzTarPerm modified mode [ 'lib/testers/event-generator-tester.js', 420, 436 ]
928 silly gunzTarPerm extractEntry lib/testers/rule-tester.js
929 silly gunzTarPerm modified mode [ 'lib/testers/rule-tester.js', 420, 436 ]
930 silly gunzTarPerm extractEntry lib/formatters/checkstyle.js
931 silly gunzTarPerm modified mode [ 'lib/formatters/checkstyle.js', 420, 436 ]
932 silly gunzTarPerm extractEntry lib/formatters/compact.js
933 silly gunzTarPerm modified mode [ 'lib/formatters/compact.js', 420, 436 ]
934 silly gunzTarPerm extractEntry lib/formatters/unix.js
935 silly gunzTarPerm modified mode [ 'lib/formatters/unix.js', 420, 436 ]
936 silly gunzTarPerm extractEntry lib/formatters/tap.js
937 silly gunzTarPerm modified mode [ 'lib/formatters/tap.js', 420, 436 ]
938 silly gunzTarPerm extractEntry lib/formatters/table.js
939 silly gunzTarPerm modified mode [ 'lib/formatters/table.js', 420, 436 ]
940 silly gunzTarPerm extractEntry lib/formatters/html.js
941 silly gunzTarPerm modified mode [ 'lib/formatters/html.js', 420, 436 ]
942 silly gunzTarPerm extractEntry lib/formatters/codeframe.js
943 silly gunzTarPerm modified mode [ 'lib/formatters/codeframe.js', 420, 436 ]
944 silly gunzTarPerm extractEntry lib/formatters/json.js
945 silly gunzTarPerm modified mode [ 'lib/formatters/json.js', 420, 436 ]
946 silly gunzTarPerm extractEntry lib/formatters/junit.js
947 silly gunzTarPerm modified mode [ 'lib/formatters/junit.js', 420, 436 ]
948 silly gunzTarPerm extractEntry lib/formatters/stylish.js
949 silly gunzTarPerm modified mode [ 'lib/formatters/stylish.js', 420, 436 ]
950 silly gunzTarPerm extractEntry lib/formatters/visualstudio.js
951 silly gunzTarPerm modified mode [ 'lib/formatters/visualstudio.js', 420, 436 ]
952 silly gunzTarPerm extractEntry lib/formatters/jslint-xml.js
953 silly gunzTarPerm modified mode [ 'lib/formatters/jslint-xml.js', 420, 436 ]
954 silly gunzTarPerm extractEntry lib/formatters/html-template-result.html
955 silly gunzTarPerm modified mode [ 'lib/formatters/html-template-result.html', 420, 436 ]
956 silly gunzTarPerm extractEntry lib/formatters/html-template-page.html
957 silly gunzTarPerm modified mode [ 'lib/formatters/html-template-page.html', 420, 436 ]
958 silly gunzTarPerm extractEntry lib/formatters/html-template-message.html
959 silly gunzTarPerm modified mode [ 'lib/formatters/html-template-message.html', 420, 436 ]
960 silly gunzTarPerm extractEntry lib/token-store/backward-token-comment-cursor.js
961 silly gunzTarPerm modified mode [ 'lib/token-store/backward-token-comment-cursor.js', 420, 436 ]
962 silly gunzTarPerm extractEntry lib/token-store/cursors.js
963 silly gunzTarPerm modified mode [ 'lib/token-store/cursors.js', 420, 436 ]
964 silly gunzTarPerm extractEntry lib/token-store/decorative-cursor.js
965 silly gunzTarPerm modified mode [ 'lib/token-store/decorative-cursor.js', 420, 436 ]
966 silly gunzTarPerm extractEntry lib/token-store/filter-cursor.js
967 silly gunzTarPerm modified mode [ 'lib/token-store/filter-cursor.js', 420, 436 ]
968 silly gunzTarPerm extractEntry lib/token-store/cursor.js
969 silly gunzTarPerm modified mode [ 'lib/token-store/cursor.js', 420, 436 ]
970 silly gunzTarPerm extractEntry lib/token-store/forward-token-cursor.js
971 silly gunzTarPerm modified mode [ 'lib/token-store/forward-token-cursor.js', 420, 436 ]
972 silly gunzTarPerm extractEntry lib/token-store/index.js
973 silly gunzTarPerm modified mode [ 'lib/token-store/index.js', 420, 436 ]
974 silly gunzTarPerm extractEntry lib/token-store/limit-cursor.js
975 silly gunzTarPerm modified mode [ 'lib/token-store/limit-cursor.js', 420, 436 ]
976 silly gunzTarPerm extractEntry lib/token-store/padded-token-cursor.js
977 silly gunzTarPerm modified mode [ 'lib/token-store/padded-token-cursor.js', 420, 436 ]
978 silly gunzTarPerm extractEntry lib/token-store/skip-cursor.js
979 silly gunzTarPerm modified mode [ 'lib/token-store/skip-cursor.js', 420, 436 ]
980 silly gunzTarPerm extractEntry lib/token-store/backward-token-cursor.js
981 silly gunzTarPerm modified mode [ 'lib/token-store/backward-token-cursor.js', 420, 436 ]
982 silly gunzTarPerm extractEntry lib/token-store/utils.js
983 silly gunzTarPerm modified mode [ 'lib/token-store/utils.js', 420, 436 ]
984 silly gunzTarPerm extractEntry lib/token-store/forward-token-comment-cursor.js
985 silly gunzTarPerm modified mode [ 'lib/token-store/forward-token-comment-cursor.js', 420, 436 ]
986 silly gunzTarPerm extractEntry lib/internal-rules/internal-consistent-docs-description.js
987 silly gunzTarPerm modified mode [ 'lib/internal-rules/internal-consistent-docs-description.js',
987 silly gunzTarPerm   420,
987 silly gunzTarPerm   436 ]
988 silly gunzTarPerm extractEntry lib/internal-rules/internal-no-invalid-meta.js
989 silly gunzTarPerm modified mode [ 'lib/internal-rules/internal-no-invalid-meta.js', 420, 436 ]
990 silly gunzTarPerm extractEntry lib/internal-rules/.eslintrc.yml
991 silly gunzTarPerm modified mode [ 'lib/internal-rules/.eslintrc.yml', 420, 436 ]
992 silly gunzTarPerm extractEntry messages/extend-config-missing.txt
993 silly gunzTarPerm modified mode [ 'messages/extend-config-missing.txt', 420, 436 ]
994 silly gunzTarPerm extractEntry messages/no-config-found.txt
995 silly gunzTarPerm modified mode [ 'messages/no-config-found.txt', 420, 436 ]
996 silly gunzTarPerm extractEntry messages/plugin-missing.txt
997 silly gunzTarPerm modified mode [ 'messages/plugin-missing.txt', 420, 436 ]
998 silly gunzTarPerm extractEntry messages/whitespace-found.txt
999 silly gunzTarPerm modified mode [ 'messages/whitespace-found.txt', 420, 436 ]
1000 silly gentlyRm /home/murshid/node_modules/.staging/eslint-f95cb616/node_modules is being purged
1001 verbose gentlyRm don't care about contents; nuking /home/murshid/node_modules/.staging/eslint-f95cb616/node_modules
1002 silly doParallel preinstall 3
1003 silly preinstall acorn@5.0.3 /home/murshid/node_modules/.staging/acorn-d7cdc1e6
1004 info lifecycle acorn@5.0.3~preinstall: acorn@5.0.3
1005 silly preinstall espree@3.4.3 /home/murshid/node_modules/.staging/espree-f76df392
1006 info lifecycle espree@3.4.3~preinstall: espree@3.4.3
1007 silly preinstall eslint@3.19.0 /home/murshid/node_modules/.staging/eslint-f95cb616
1008 info lifecycle eslint@3.19.0~preinstall: eslint@3.19.0
1009 silly lifecycle acorn@5.0.3~preinstall: no script for preinstall, continuing
1010 silly lifecycle espree@3.4.3~preinstall: no script for preinstall, continuing
1011 silly lifecycle eslint@3.19.0~preinstall: no script for preinstall, continuing
1012 silly doReverseSerial remove 0
1013 silly doSerial move 0
1014 silly doSerial finalize 3
1015 silly finalize /home/murshid/node_modules/acorn
1016 silly finalize /home/murshid/node_modules/espree
1017 silly finalize /home/murshid/node_modules/eslint
1018 silly doSerial build 3
1019 silly build acorn@5.0.3
1020 info linkStuff acorn@5.0.3
1021 silly linkStuff acorn@5.0.3 has /home/murshid/node_modules as its parent node_modules
1022 verbose linkBins acorn@5.0.3
1023 verbose link bins [ { acorn: './bin/acorn' },
1023 verbose link bins   '/home/murshid/node_modules/.bin',
1023 verbose link bins   false ]
1024 verbose linkMans acorn@5.0.3
1025 silly gentlyRm /home/murshid/node_modules/.bin/acorn is being purged
1026 verbose gentlyRm don't care about contents; nuking /home/murshid/node_modules/.bin/acorn
1027 verbose unlock done using /home/murshid/.npm/_locks/staging-c552deac0044f4b8.lock for /home/murshid/node_modules/.staging
1028 silly rollbackFailedOptional Starting
1029 silly rollbackFailedOptional Finishing
1030 silly runTopLevelLifecycles Finishing
1031 silly install printInstalled
1032 warn enoent ENOENT: no such file or directory, open '/home/murshid/package.json'
1033 verbose enoent ENOENT: no such file or directory, open '/home/murshid/package.json'
1033 verbose enoent This is most likely not a problem with npm itself
1033 verbose enoent and is related to npm not being able to find a file.
1034 warn murshid No description
1035 verbose If you need help, you may report this error at:
1035 verbose     <https://github.com/npm/npm/issues>
1036 warn murshid No repository field.
1037 verbose If you need help, you may report this error at:
1037 verbose     <https://github.com/npm/npm/issues>
1038 warn murshid No README data
1039 verbose If you need help, you may report this error at:
1039 verbose     <https://github.com/npm/npm/issues>
1040 warn murshid No license field.
1041 verbose If you need help, you may report this error at:
1041 verbose     <https://github.com/npm/npm/issues>
1042 verbose stack Error: EACCES: permission denied, symlink '../acorn/bin/acorn' -> '/home/murshid/node_modules/.bin/acorn'
1042 verbose stack     at Error (native)
1043 verbose cwd /home/murshid/Documents/Node
1044 error Linux 4.4.0-78-generic
1045 error argv "/usr/bin/nodejs" "/usr/bin/npm" "install" "eslint" "--save"
1046 error node v6.10.3
1047 error npm  v3.10.10
1048 error path ../acorn/bin/acorn
1049 error code EACCES
1050 error errno -13
1051 error syscall symlink
1052 error Error: EACCES: permission denied, symlink '../acorn/bin/acorn' -> '/home/murshid/node_modules/.bin/acorn'
1052 error     at Error (native)
1052 error  { Error: EACCES: permission denied, symlink '../acorn/bin/acorn' -> '/home/murshid/node_modules/.bin/acorn'
1052 error     at Error (native)
1052 error   errno: -13,
1052 error   code: 'EACCES',
1052 error   syscall: 'symlink',
1052 error   path: '../acorn/bin/acorn',
1052 error   dest: '/home/murshid/node_modules/.bin/acorn' }
1053 error Please try running this command again as root/Administrator.
1054 verbose exit [ -13, true ]
